###############################################################################
#
# IAR ANSI C/C++ Compiler V7.70.1.11437/W32 for ARM       19/May/2018  00:34:41
# Copyright 1999-2016 IAR Systems AB.
#
#    Cpu mode     =  thumb
#    Endian       =  little
#    Source file  =  
#        D:\Freescale\信标\13thBeacon\project\Beacon_XBY\app\device\src\camera.c
#    Command line =  
#        D:\Freescale\信标\13thBeacon\project\Beacon_XBY\app\device\src\camera.c
#        -D LPLD_K60 -lCN
#        D:\Freescale\信标\13thBeacon\project\Beacon_XBY\iar\RAM\List -lB
#        D:\Freescale\信标\13thBeacon\project\Beacon_XBY\iar\RAM\List -o
#        D:\Freescale\信标\13thBeacon\project\Beacon_XBY\iar\RAM\Obj --no_cse
#        --no_unroll --no_inline --no_code_motion --no_tbaa --no_clustering
#        --no_scheduling --debug --endian=little --cpu=Cortex-M4 -e --fpu=None
#        --dlib_config "D:\Program Files (x86)\IAR Systems\Embedded Workbench
#        7.5\arm\INC\c\DLib_Config_Normal.h" -I
#        D:\Freescale\信标\13thBeacon\project\Beacon_XBY\iar\..\app\ -I
#        D:\Freescale\信标\13thBeacon\project\Beacon_XBY\iar\..\..\..\lib\CPU\
#        -I
#        D:\Freescale\信标\13thBeacon\project\Beacon_XBY\iar\..\..\..\lib\common\
#        -I
#        D:\Freescale\信标\13thBeacon\project\Beacon_XBY\iar\..\..\..\lib\LPLD\
#        -I
#        D:\Freescale\信标\13thBeacon\project\Beacon_XBY\iar\..\..\..\lib\LPLD\HW\
#        -I
#        D:\Freescale\信标\13thBeacon\project\Beacon_XBY\iar\..\..\..\lib\LPLD\DEV\
#        -I
#        D:\Freescale\信标\13thBeacon\project\Beacon_XBY\iar\..\..\..\lib\uCOS-II\Ports\
#        -I
#        D:\Freescale\信标\13thBeacon\project\Beacon_XBY\iar\..\..\..\lib\uCOS-II\Source\
#        -I
#        D:\Freescale\信标\13thBeacon\project\Beacon_XBY\iar\..\..\..\lib\FatFs\
#        -I
#        D:\Freescale\信标\13thBeacon\project\Beacon_XBY\iar\..\..\..\lib\FatFs\option\
#        -I
#        D:\Freescale\信标\13thBeacon\project\Beacon_XBY\iar\..\..\..\lib\USB\common\
#        -I
#        D:\Freescale\信标\13thBeacon\project\Beacon_XBY\iar\..\..\..\lib\USB\driver\
#        -I
#        D:\Freescale\信标\13thBeacon\project\Beacon_XBY\iar\..\..\..\lib\USB\descriptor\
#        -I
#        D:\Freescale\信标\13thBeacon\project\Beacon_XBY\iar\..\..\..\lib\USB\class\
#        -I
#        D:\Freescale\信标\13thBeacon\project\Beacon_XBY\iar\..\app\control\inc\
#        -I
#        D:\Freescale\信标\13thBeacon\project\Beacon_XBY\iar\..\app\control\src\
#        -I
#        D:\Freescale\信标\13thBeacon\project\Beacon_XBY\iar\..\app\debug\inc\
#        -I
#        D:\Freescale\信标\13thBeacon\project\Beacon_XBY\iar\..\app\debug\src\
#        -I
#        D:\Freescale\信标\13thBeacon\project\Beacon_XBY\iar\..\app\device\inc\
#        -I
#        D:\Freescale\信标\13thBeacon\project\Beacon_XBY\iar\..\app\device\src\
#        -I
#        D:\Freescale\信标\13thBeacon\project\Beacon_XBY\iar\..\app\driver\inc\
#        -I
#        D:\Freescale\信标\13thBeacon\project\Beacon_XBY\iar\..\app\driver\src\
#        -I
#        D:\Freescale\信标\13thBeacon\project\Beacon_XBY\iar\..\app\signal\inc\
#        -I
#        D:\Freescale\信标\13thBeacon\project\Beacon_XBY\iar\..\app\signal\src\
#        -I D:\Freescale\信标\13thBeacon\project\Beacon_XBY\iar\..\app\system\
#        -Ol -I "D:\Program Files (x86)\IAR Systems\Embedded Workbench
#        7.5\arm\CMSIS\Include\"
#    Locale       =  Chinese (Simplified)_China.936
#    List file    =  
#        D:\Freescale\信标\13thBeacon\project\Beacon_XBY\iar\RAM\List\camera.lst
#    Object file  =  
#        D:\Freescale\信标\13thBeacon\project\Beacon_XBY\iar\RAM\Obj\camera.o
#
###############################################################################

D:\Freescale\信标\13thBeacon\project\Beacon_XBY\app\device\src\camera.c
      1          
      2          #include "include.h"
      3          
      4          #ifdef USE_ANALOG_CAMERA
      5          
      6          
      7          //uint32 row_Cnt_Display = 0;
      8          //uint8 Is_Image_Ok = 0;               //图像发送标志
      9          static uint8 H_Flag_En = 0;
     10          
     11          static GPIO_InitTypeDef h_init;//OV行信号接口初始化
     12          static GPIO_InitTypeDef v_init;//OV场信号接口初始化：
     13          static GPIO_InitTypeDef pclk_init;//OV PCLK信号接口初始化：
     14          static GPIO_InitTypeDef data_init;//OV数据口初始化
     15          
     16          static GPIO_InitTypeDef isr_process_source_init;//图像处理中断接口初始化
     17          static GPIO_InitTypeDef isr_process_init;//图像处理中断接口初始化
     18          
     19          //分奇偶场以提高处理效率
     20          //static uint8 Pix_Data_Odd[IMAGE_SIZE_GATHER];       //目的地址，奇场，采集IMAGE_X_MAX行 IMAGE_Y_MAX列的图像数据  
     21          //static uint8 Pix_Data_Even[IMAGE_SIZE_GATHER];      //目的地址，偶场，采集IMAGE_X_MAX行 IMAGE_Y_MAX列的图像数据
     22          static uint8 Pix_Data_Flag = V_Odd;
     23          static uint8 Pix_Data_Process_Flag = V_Odd;
     24          static uint32 X_Cnt = 0;                     //行采集计数
     25          static uint32 row_Cnt = -1;                  //行计数
     26          
     27          static union ImageData Pix_Data_Odd;
     28          static union ImageData Pix_Data_Even;
     29          
     30          //由于本人row_Cnt从-1开始计数，故数组中最大值为318，最小值为0
     31          ///*
     32          
     33          #ifdef CAMERA_UPSIDE_DOWN //倒装   
     34          
     35          /*static uint8 g_row[IMAGE_X_MAX]=
     36          	{60,63,66,69,72,75,78,81,84,87,
     37               90,93,96,99,102,105,108,111,114,117,
     38          	 120,122,125,127,130,132,135,137,140,142,
     39               145,147,150,152,155,157,160,162,165,167,
     40               170,172,174,177,179,181,184,186,188,191,
     41               193,195,197,199,201,203,205,207,209,211,
     42               213,215,217,219};	//每场取得行数 //反装*/
     43          
     44          static uint8 g_row[IMAGE_X_MAX]=
     45          {//近
     46          100,
     47          103,
     48          106,
     49          109,
     50          112,
     51          115,
     52          118,
     53          121,
     54          124,
     55          127,
     56          130,
     57          133,
     58          136,
     59          139,
     60          142,
     61          145,
     62          148,
     63          151,
     64          154,
     65          157,
     66          160,
     67          163,
     68          166,
     69          169,
     70          172,
     71          174,
     72          177,
     73          179,
     74          182,
     75          184,
     76          187,
     77          189,
     78          
     79          192,
     80          194,
     81          197,
     82          199,
     83          201,
     84          203,
     85          205,
     86          207,
     87          209,
     88          211,
     89          213,
     90          215,
     91          217,
     92          219,
     93          221,
     94          223,
     95          225,
     96          227,
     97          229,
     98          231,
     99          233,
    100          235,
    101          237,
    102          239,
    103          241,
    104          243,
    105          245,
    106          247,
    107          249,
    108          251,
    109          253,
    110          255
    111          
    112          };//远
    113          
    114          
    115          
    116          /*
    117          static uint8 g_row[IMAGE_X_MAX]=
    118          {
    119          88,92,96,100,103,107,110,114,117,119,
    120          123,126,129,132,134,137,140,143,147,150,
    121          153,155,158,161,164,166,169,172,
    122          175,177,180,182,185,187,190,192,
    123          195,197,200,202,205,207,209,212,
    124          214,217,219,221,223,226,228,230,
    125          232,234,236,238,240,242,244,246,
    126          248,250,252,254
    127          };//比较好的取行
    128          */
    129          
    130          #else
    131          static uint8 g_row[IMAGE_X_MAX]=
    132          	{64,66,68,70,72,74,76,78,80,82,
    133               84,86,88,90,92,94,96,98,101,103,
    134               105,107,109,111,114,116,118,120,123,125,
    135               127,129,132,134,136,139,142,144,147,150,
    136               152,154,156,159,162,165,168,171,174,177,
    137               180,183,186,189,192,195,198,201,204,207,
    138               211,214,217,220
    139          	 };	//每场取得行数		//正装
    140          #endif
    141          
    142          uint8 g_column[IMAGE_Y_MAX];
    143          
    144          //根据畸变取列（以200列为基准）
    145          //获得该段数组代码见最下面（使用VC6.0编译）
    146          static uint8 g_col[IMAGE_X_MAX][IMAGE_Y_MAX] = {
    147          
    148          42, 43, 44, 45, 46, 47, 47, 48, 49, 50, 
    149          51, 52, 53, 54, 55, 56, 56, 57, 58, 59, 
    150          60, 61, 62, 63, 64, 65, 66, 66, 67, 68, 
    151          69, 70, 71, 72, 73, 74, 75, 76, 76, 77, 
    152          78, 79, 80, 81, 82, 83, 84, 85, 85, 86, 
    153          87, 88, 89, 90, 91, 92, 93, 94, 95, 95, 
    154          96, 97, 98, 99, 100, 101, 102, 103, 104, 104, 
    155          105, 106, 107, 108, 109, 110, 111, 112, 113, 114, 
    156          114, 115, 116, 117, 118, 119, 120, 121, 122, 123, 
    157          123, 124, 125, 126, 127, 128, 129, 130, 131, 132, 
    158          133, 133, 134, 135, 136, 137, 138, 139, 140, 141, 
    159          142, 143, 143, 144, 145, 146, 147, 148, 149, 150, 
    160          151, 152, 152, 153, 154, 155, 156, 157, 
    161          40, 41, 42, 43, 44, 45, 46, 47, 47, 48, 
    162          49, 50, 51, 52, 53, 54, 55, 56, 57, 58, 
    163          59, 60, 61, 62, 62, 63, 64, 65, 66, 67, 
    164          68, 69, 70, 71, 72, 73, 74, 75, 76, 77, 
    165          77, 78, 79, 80, 81, 82, 83, 84, 85, 86, 
    166          87, 88, 89, 90, 91, 92, 92, 93, 94, 95, 
    167          96, 97, 98, 99, 100, 101, 102, 103, 104, 105, 
    168          106, 107, 107, 108, 109, 110, 111, 112, 113, 114, 
    169          115, 116, 117, 118, 119, 120, 121, 122, 122, 123, 
    170          124, 125, 126, 127, 128, 129, 130, 131, 132, 133, 
    171          134, 135, 136, 137, 137, 138, 139, 140, 141, 142, 
    172          143, 144, 145, 146, 147, 148, 149, 150, 151, 152, 
    173          152, 153, 154, 155, 156, 157, 158, 159, 
    174          38, 39, 40, 41, 42, 43, 44, 45, 46, 47, 
    175          48, 49, 50, 51, 52, 53, 53, 54, 55, 56, 
    176          57, 58, 59, 60, 61, 62, 63, 64, 65, 66, 
    177          67, 68, 69, 70, 71, 72, 73, 74, 75, 76, 
    178          77, 78, 79, 80, 81, 82, 83, 84, 84, 85, 
    179          86, 87, 88, 89, 90, 91, 92, 93, 94, 95, 
    180          96, 97, 98, 99, 100, 101, 102, 103, 104, 105, 
    181          106, 107, 108, 109, 110, 111, 112, 113, 114, 115, 
    182          115, 116, 117, 118, 119, 120, 121, 122, 123, 124, 
    183          125, 126, 127, 128, 129, 130, 131, 132, 133, 134, 
    184          135, 136, 137, 138, 139, 140, 141, 142, 143, 144, 
    185          145, 146, 146, 147, 148, 149, 150, 151, 152, 153, 
    186          154, 155, 156, 157, 158, 159, 160, 161, 
    187          36, 37, 38, 39, 40, 41, 42, 43, 44, 45, 
    188          46, 47, 48, 49, 50, 51, 52, 53, 54, 55, 
    189          56, 57, 58, 59, 60, 61, 62, 63, 64, 65, 
    190          66, 67, 68, 69, 70, 71, 72, 73, 74, 75, 
    191          76, 77, 78, 79, 80, 81, 82, 83, 84, 85, 
    192          86, 87, 88, 89, 90, 91, 92, 93, 94, 95, 
    193          96, 97, 98, 99, 100, 101, 102, 103, 104, 105, 
    194          106, 107, 108, 109, 110, 111, 112, 113, 114, 115, 
    195          116, 117, 118, 119, 120, 121, 122, 123, 124, 125, 
    196          126, 127, 128, 129, 130, 131, 132, 133, 134, 135, 
    197          136, 137, 138, 139, 140, 141, 142, 143, 144, 145, 
    198          146, 147, 148, 149, 150, 151, 152, 153, 154, 155, 
    199          156, 157, 158, 159, 160, 161, 162, 163, 
    200          35, 36, 37, 38, 39, 40, 41, 42, 43, 44, 
    201          45, 46, 47, 48, 49, 50, 51, 52, 53, 54, 
    202          55, 56, 57, 58, 59, 60, 61, 62, 63, 64, 
    203          65, 66, 68, 69, 70, 71, 72, 73, 74, 75, 
    204          76, 77, 78, 79, 80, 81, 82, 83, 84, 85, 
    205          86, 87, 88, 89, 90, 91, 92, 93, 94, 95, 
    206          96, 97, 98, 99, 100, 101, 102, 103, 104, 105, 
    207          106, 107, 108, 109, 110, 111, 112, 113, 114, 115, 
    208          116, 117, 118, 119, 120, 121, 122, 123, 124, 125, 
    209          126, 127, 128, 129, 130, 131, 133, 134, 135, 136, 
    210          137, 138, 139, 140, 141, 142, 143, 144, 145, 146, 
    211          147, 148, 149, 150, 151, 152, 153, 154, 155, 156, 
    212          157, 158, 159, 160, 161, 162, 163, 164, 
    213          34, 35, 36, 37, 38, 39, 40, 41, 42, 43, 
    214          44, 45, 46, 47, 48, 49, 51, 52, 53, 54, 
    215          55, 56, 57, 58, 59, 60, 61, 62, 63, 64, 
    216          65, 66, 67, 68, 69, 70, 71, 72, 73, 74, 
    217          75, 76, 77, 78, 79, 80, 81, 82, 84, 85, 
    218          86, 87, 88, 89, 90, 91, 92, 93, 94, 95, 
    219          96, 97, 98, 99, 100, 101, 102, 103, 104, 105, 
    220          106, 107, 108, 109, 110, 111, 112, 113, 114, 115, 
    221          117, 118, 119, 120, 121, 122, 123, 124, 125, 126, 
    222          127, 128, 129, 130, 131, 132, 133, 134, 135, 136, 
    223          137, 138, 139, 140, 141, 142, 143, 144, 145, 146, 
    224          147, 148, 150, 151, 152, 153, 154, 155, 156, 157, 
    225          158, 159, 160, 161, 162, 163, 164, 165, 
    226          33, 34, 35, 36, 37, 38, 39, 40, 41, 42, 
    227          43, 45, 46, 47, 48, 49, 50, 51, 52, 53, 
    228          54, 55, 56, 57, 58, 59, 60, 61, 62, 63, 
    229          64, 65, 67, 68, 69, 70, 71, 72, 73, 74, 
    230          75, 76, 77, 78, 79, 80, 81, 82, 83, 84, 
    231          85, 86, 87, 89, 90, 91, 92, 93, 94, 95, 
    232          96, 97, 98, 99, 100, 101, 102, 103, 104, 105, 
    233          106, 107, 108, 109, 110, 112, 113, 114, 115, 116, 
    234          117, 118, 119, 120, 121, 122, 123, 124, 125, 126, 
    235          127, 128, 129, 130, 131, 132, 134, 135, 136, 137, 
    236          138, 139, 140, 141, 142, 143, 144, 145, 146, 147, 
    237          148, 149, 150, 151, 152, 153, 154, 156, 157, 158, 
    238          159, 160, 161, 162, 163, 164, 165, 166, 
    239          32, 33, 34, 35, 36, 37, 38, 39, 41, 42, 
    240          43, 44, 45, 46, 47, 48, 49, 50, 51, 52, 
    241          53, 54, 55, 56, 58, 59, 60, 61, 62, 63, 
    242          64, 65, 66, 67, 68, 69, 70, 71, 72, 73, 
    243          75, 76, 77, 78, 79, 80, 81, 82, 83, 84, 
    244          85, 86, 87, 88, 89, 90, 92, 93, 94, 95, 
    245          96, 97, 98, 99, 100, 101, 102, 103, 104, 105, 
    246          106, 107, 109, 110, 111, 112, 113, 114, 115, 116, 
    247          117, 118, 119, 120, 121, 122, 123, 124, 126, 127, 
    248          128, 129, 130, 131, 132, 133, 134, 135, 136, 137, 
    249          138, 139, 140, 141, 143, 144, 145, 146, 147, 148, 
    250          149, 150, 151, 152, 153, 154, 155, 156, 157, 158, 
    251          160, 161, 162, 163, 164, 165, 166, 167, 
    252          31, 32, 33, 34, 35, 36, 37, 39, 40, 41, 
    253          42, 43, 44, 45, 46, 47, 48, 49, 50, 51, 
    254          53, 54, 55, 56, 57, 58, 59, 60, 61, 62, 
    255          63, 64, 66, 67, 68, 69, 70, 71, 72, 73, 
    256          74, 75, 76, 77, 78, 80, 81, 82, 83, 84, 
    257          85, 86, 87, 88, 89, 90, 91, 92, 94, 95, 
    258          96, 97, 98, 99, 100, 101, 102, 103, 104, 105, 
    259          107, 108, 109, 110, 111, 112, 113, 114, 115, 116, 
    260          117, 118, 119, 121, 122, 123, 124, 125, 126, 127, 
    261          128, 129, 130, 131, 132, 133, 135, 136, 137, 138, 
    262          139, 140, 141, 142, 143, 144, 145, 146, 148, 149, 
    263          150, 151, 152, 153, 154, 155, 156, 157, 158, 159, 
    264          160, 162, 163, 164, 165, 166, 167, 168, 
    265          30, 31, 32, 33, 34, 35, 37, 38, 39, 40, 
    266          41, 42, 43, 44, 45, 46, 48, 49, 50, 51, 
    267          52, 53, 54, 55, 56, 57, 58, 60, 61, 62, 
    268          63, 64, 65, 66, 67, 68, 69, 70, 72, 73, 
    269          74, 75, 76, 77, 78, 79, 80, 81, 83, 84, 
    270          85, 86, 87, 88, 89, 90, 91, 92, 93, 95, 
    271          96, 97, 98, 99, 100, 101, 102, 103, 104, 106, 
    272          107, 108, 109, 110, 111, 112, 113, 114, 115, 116, 
    273          118, 119, 120, 121, 122, 123, 124, 125, 126, 127, 
    274          129, 130, 131, 132, 133, 134, 135, 136, 137, 138, 
    275          139, 141, 142, 143, 144, 145, 146, 147, 148, 149, 
    276          150, 151, 153, 154, 155, 156, 157, 158, 159, 160, 
    277          161, 162, 164, 165, 166, 167, 168, 169, 
    278          29, 30, 31, 32, 33, 35, 36, 37, 38, 39, 
    279          40, 41, 42, 43, 45, 46, 47, 48, 49, 50, 
    280          51, 52, 53, 55, 56, 57, 58, 59, 60, 61, 
    281          62, 63, 65, 66, 67, 68, 69, 70, 71, 72, 
    282          73, 75, 76, 77, 78, 79, 80, 81, 82, 83, 
    283          85, 86, 87, 88, 89, 90, 91, 92, 93, 95, 
    284          96, 97, 98, 99, 100, 101, 102, 103, 104, 106, 
    285          107, 108, 109, 110, 111, 112, 113, 114, 116, 117, 
    286          118, 119, 120, 121, 122, 123, 124, 126, 127, 128, 
    287          129, 130, 131, 132, 133, 134, 136, 137, 138, 139, 
    288          140, 141, 142, 143, 144, 146, 147, 148, 149, 150, 
    289          151, 152, 153, 154, 156, 157, 158, 159, 160, 161, 
    290          162, 163, 164, 166, 167, 168, 169, 170, 
    291          28, 29, 30, 31, 33, 34, 35, 36, 37, 38, 
    292          39, 40, 42, 43, 44, 45, 46, 47, 48, 49, 
    293          51, 52, 53, 54, 55, 56, 57, 58, 60, 61, 
    294          62, 63, 64, 65, 66, 67, 69, 70, 71, 72, 
    295          73, 74, 75, 76, 78, 79, 80, 81, 82, 83, 
    296          84, 85, 87, 88, 89, 90, 91, 92, 93, 94, 
    297          96, 97, 98, 99, 100, 101, 102, 103, 105, 106, 
    298          107, 108, 109, 110, 111, 112, 114, 115, 116, 117, 
    299          118, 119, 120, 121, 123, 124, 125, 126, 127, 128, 
    300          129, 130, 132, 133, 134, 135, 136, 137, 138, 139, 
    301          141, 142, 143, 144, 145, 146, 147, 148, 150, 151, 
    302          152, 153, 154, 155, 156, 157, 159, 160, 161, 162, 
    303          163, 164, 165, 166, 168, 169, 170, 171, 
    304          28, 29, 30, 31, 33, 34, 35, 36, 37, 38, 
    305          39, 40, 42, 43, 44, 45, 46, 47, 48, 49, 
    306          51, 52, 53, 54, 55, 56, 57, 58, 60, 61, 
    307          62, 63, 64, 65, 66, 67, 69, 70, 71, 72, 
    308          73, 74, 75, 76, 78, 79, 80, 81, 82, 83, 
    309          84, 85, 87, 88, 89, 90, 91, 92, 93, 94, 
    310          96, 97, 98, 99, 100, 101, 102, 103, 105, 106, 
    311          107, 108, 109, 110, 111, 112, 114, 115, 116, 117, 
    312          118, 119, 120, 121, 123, 124, 125, 126, 127, 128, 
    313          129, 130, 132, 133, 134, 135, 136, 137, 138, 139, 
    314          141, 142, 143, 144, 145, 146, 147, 148, 150, 151, 
    315          152, 153, 154, 155, 156, 157, 159, 160, 161, 162, 
    316          163, 164, 165, 166, 168, 169, 170, 171, 
    317          27, 28, 29, 30, 32, 33, 34, 35, 36, 37, 
    318          38, 40, 41, 42, 43, 44, 45, 46, 48, 49, 
    319          50, 51, 52, 53, 54, 56, 57, 58, 59, 60, 
    320          61, 62, 64, 65, 66, 67, 68, 69, 70, 72, 
    321          73, 74, 75, 76, 77, 78, 80, 81, 82, 83, 
    322          84, 85, 86, 88, 89, 90, 91, 92, 93, 94, 
    323          96, 97, 98, 99, 100, 101, 102, 103, 105, 106, 
    324          107, 108, 109, 110, 111, 113, 114, 115, 116, 117, 
    325          118, 119, 121, 122, 123, 124, 125, 126, 127, 129, 
    326          130, 131, 132, 133, 134, 135, 137, 138, 139, 140, 
    327          141, 142, 143, 145, 146, 147, 148, 149, 150, 151, 
    328          153, 154, 155, 156, 157, 158, 159, 161, 162, 163, 
    329          164, 165, 166, 167, 169, 170, 171, 172, 
    330          26, 27, 28, 29, 31, 32, 33, 34, 35, 36, 
    331          38, 39, 40, 41, 42, 43, 45, 46, 47, 48, 
    332          49, 50, 51, 53, 54, 55, 56, 57, 58, 60, 
    333          61, 62, 63, 64, 65, 67, 68, 69, 70, 71, 
    334          72, 73, 75, 76, 77, 78, 79, 80, 82, 83, 
    335          84, 85, 86, 87, 89, 90, 91, 92, 93, 94, 
    336          95, 97, 98, 99, 100, 101, 102, 104, 105, 106, 
    337          107, 108, 109, 110, 112, 113, 114, 115, 116, 117, 
    338          119, 120, 121, 122, 123, 124, 126, 127, 128, 129, 
    339          130, 131, 132, 134, 135, 136, 137, 138, 139, 141, 
    340          142, 143, 144, 145, 146, 148, 149, 150, 151, 152, 
    341          153, 154, 156, 157, 158, 159, 160, 161, 163, 164, 
    342          165, 166, 167, 168, 170, 171, 172, 173, 
    343          25, 26, 27, 29, 30, 31, 32, 33, 34, 36, 
    344          37, 38, 39, 40, 41, 43, 44, 45, 46, 47, 
    345          48, 50, 51, 52, 53, 54, 56, 57, 58, 59, 
    346          60, 61, 63, 64, 65, 66, 67, 68, 70, 71, 
    347          72, 73, 74, 75, 77, 78, 79, 80, 81, 82, 
    348          84, 85, 86, 87, 88, 90, 91, 92, 93, 94, 
    349          95, 97, 98, 99, 100, 101, 102, 104, 105, 106, 
    350          107, 108, 109, 111, 112, 113, 114, 115, 117, 118, 
    351          119, 120, 121, 122, 124, 125, 126, 127, 128, 129, 
    352          131, 132, 133, 134, 135, 136, 138, 139, 140, 141, 
    353          142, 143, 145, 146, 147, 148, 149, 151, 152, 153, 
    354          154, 155, 156, 158, 159, 160, 161, 162, 163, 165, 
    355          166, 167, 168, 169, 170, 172, 173, 174, 
    356          25, 26, 27, 29, 30, 31, 32, 33, 34, 36, 
    357          37, 38, 39, 40, 41, 43, 44, 45, 46, 47, 
    358          48, 50, 51, 52, 53, 54, 56, 57, 58, 59, 
    359          60, 61, 63, 64, 65, 66, 67, 68, 70, 71, 
    360          72, 73, 74, 75, 77, 78, 79, 80, 81, 82, 
    361          84, 85, 86, 87, 88, 90, 91, 92, 93, 94, 
    362          95, 97, 98, 99, 100, 101, 102, 104, 105, 106, 
    363          107, 108, 109, 111, 112, 113, 114, 115, 117, 118, 
    364          119, 120, 121, 122, 124, 125, 126, 127, 128, 129, 
    365          131, 132, 133, 134, 135, 136, 138, 139, 140, 141, 
    366          142, 143, 145, 146, 147, 148, 149, 151, 152, 153, 
    367          154, 155, 156, 158, 159, 160, 161, 162, 163, 165, 
    368          166, 167, 168, 169, 170, 172, 173, 174, 
    369          25, 26, 27, 29, 30, 31, 32, 33, 34, 36, 
    370          37, 38, 39, 40, 41, 43, 44, 45, 46, 47, 
    371          48, 50, 51, 52, 53, 54, 56, 57, 58, 59, 
    372          60, 61, 63, 64, 65, 66, 67, 68, 70, 71, 
    373          72, 73, 74, 75, 77, 78, 79, 80, 81, 82, 
    374          84, 85, 86, 87, 88, 90, 91, 92, 93, 94, 
    375          95, 97, 98, 99, 100, 101, 102, 104, 105, 106, 
    376          107, 108, 109, 111, 112, 113, 114, 115, 117, 118, 
    377          119, 120, 121, 122, 124, 125, 126, 127, 128, 129, 
    378          131, 132, 133, 134, 135, 136, 138, 139, 140, 141, 
    379          142, 143, 145, 146, 147, 148, 149, 151, 152, 153, 
    380          154, 155, 156, 158, 159, 160, 161, 162, 163, 165, 
    381          166, 167, 168, 169, 170, 172, 173, 174, 
    382          23, 24, 25, 27, 28, 29, 30, 31, 33, 34, 
    383          35, 36, 37, 39, 40, 41, 42, 43, 45, 46, 
    384          47, 48, 50, 51, 52, 53, 54, 56, 57, 58, 
    385          59, 60, 62, 63, 64, 65, 66, 68, 69, 70, 
    386          71, 72, 74, 75, 76, 77, 78, 80, 81, 82, 
    387          83, 84, 86, 87, 88, 89, 90, 92, 93, 94, 
    388          95, 96, 98, 99, 100, 101, 103, 104, 105, 106, 
    389          107, 109, 110, 111, 112, 113, 115, 116, 117, 118, 
    390          119, 121, 122, 123, 124, 125, 127, 128, 129, 130, 
    391          131, 133, 134, 135, 136, 137, 139, 140, 141, 142, 
    392          143, 145, 146, 147, 148, 149, 151, 152, 153, 154, 
    393          156, 157, 158, 159, 160, 162, 163, 164, 165, 166, 
    394          168, 169, 170, 171, 172, 174, 175, 176, 
    395          21, 22, 23, 25, 26, 27, 28, 30, 31, 32, 
    396          33, 35, 36, 37, 38, 40, 41, 42, 43, 44, 
    397          46, 47, 48, 49, 51, 52, 53, 54, 56, 57, 
    398          58, 59, 61, 62, 63, 64, 66, 67, 68, 69, 
    399          70, 72, 73, 74, 75, 77, 78, 79, 80, 82, 
    400          83, 84, 85, 87, 88, 89, 90, 91, 93, 94, 
    401          95, 96, 98, 99, 100, 101, 103, 104, 105, 106, 
    402          108, 109, 110, 111, 112, 114, 115, 116, 117, 119, 
    403          120, 121, 122, 124, 125, 126, 127, 129, 130, 131, 
    404          132, 133, 135, 136, 137, 138, 140, 141, 142, 143, 
    405          145, 146, 147, 148, 150, 151, 152, 153, 155, 156, 
    406          157, 158, 159, 161, 162, 163, 164, 166, 167, 168, 
    407          169, 171, 172, 173, 174, 176, 177, 178, 
    408          21, 22, 23, 25, 26, 27, 28, 30, 31, 32, 
    409          33, 35, 36, 37, 38, 40, 41, 42, 43, 44, 
    410          46, 47, 48, 49, 51, 52, 53, 54, 56, 57, 
    411          58, 59, 61, 62, 63, 64, 66, 67, 68, 69, 
    412          70, 72, 73, 74, 75, 77, 78, 79, 80, 82, 
    413          83, 84, 85, 87, 88, 89, 90, 91, 93, 94, 
    414          95, 96, 98, 99, 100, 101, 103, 104, 105, 106, 
    415          108, 109, 110, 111, 112, 114, 115, 116, 117, 119, 
    416          120, 121, 122, 124, 125, 126, 127, 129, 130, 131, 
    417          132, 133, 135, 136, 137, 138, 140, 141, 142, 143, 
    418          145, 146, 147, 148, 150, 151, 152, 153, 155, 156, 
    419          157, 158, 159, 161, 162, 163, 164, 166, 167, 168, 
    420          169, 171, 172, 173, 174, 176, 177, 178, 
    421          21, 22, 23, 25, 26, 27, 28, 30, 31, 32, 
    422          33, 35, 36, 37, 38, 40, 41, 42, 43, 44, 
    423          46, 47, 48, 49, 51, 52, 53, 54, 56, 57, 
    424          58, 59, 61, 62, 63, 64, 66, 67, 68, 69, 
    425          70, 72, 73, 74, 75, 77, 78, 79, 80, 82, 
    426          83, 84, 85, 87, 88, 89, 90, 91, 93, 94, 
    427          95, 96, 98, 99, 100, 101, 103, 104, 105, 106, 
    428          108, 109, 110, 111, 112, 114, 115, 116, 117, 119, 
    429          120, 121, 122, 124, 125, 126, 127, 129, 130, 131, 
    430          132, 133, 135, 136, 137, 138, 140, 141, 142, 143, 
    431          145, 146, 147, 148, 150, 151, 152, 153, 155, 156, 
    432          157, 158, 159, 161, 162, 163, 164, 166, 167, 168, 
    433          169, 171, 172, 173, 174, 176, 177, 178, 
    434          20, 21, 23, 24, 25, 26, 28, 29, 30, 31, 
    435          33, 34, 35, 36, 38, 39, 40, 41, 43, 44, 
    436          45, 46, 48, 49, 50, 51, 53, 54, 55, 56, 
    437          58, 59, 60, 61, 63, 64, 65, 66, 68, 69, 
    438          70, 71, 73, 74, 75, 76, 78, 79, 80, 81, 
    439          83, 84, 85, 86, 88, 89, 90, 91, 93, 94, 
    440          95, 96, 98, 99, 100, 101, 103, 104, 105, 106, 
    441          108, 109, 110, 111, 113, 114, 115, 116, 118, 119, 
    442          120, 121, 123, 124, 125, 126, 128, 129, 130, 131, 
    443          133, 134, 135, 136, 138, 139, 140, 141, 143, 144, 
    444          145, 146, 148, 149, 150, 151, 153, 154, 155, 156, 
    445          158, 159, 160, 161, 163, 164, 165, 166, 168, 169, 
    446          170, 171, 173, 174, 175, 176, 178, 179, 
    447          19, 20, 22, 23, 24, 25, 27, 28, 29, 30, 
    448          32, 33, 34, 35, 37, 38, 39, 41, 42, 43, 
    449          44, 46, 47, 48, 49, 51, 52, 53, 54, 56, 
    450          57, 58, 60, 61, 62, 63, 65, 66, 67, 68, 
    451          70, 71, 72, 74, 75, 76, 77, 79, 80, 81, 
    452          82, 84, 85, 86, 87, 89, 90, 91, 93, 94, 
    453          95, 96, 98, 99, 100, 101, 103, 104, 105, 106, 
    454          108, 109, 110, 112, 113, 114, 115, 117, 118, 119, 
    455          120, 122, 123, 124, 125, 127, 128, 129, 131, 132, 
    456          133, 134, 136, 137, 138, 139, 141, 142, 143, 145, 
    457          146, 147, 148, 150, 151, 152, 153, 155, 156, 157, 
    458          158, 160, 161, 162, 164, 165, 166, 167, 169, 170, 
    459          171, 172, 174, 175, 176, 177, 179, 180, 
    460          19, 20, 22, 23, 24, 25, 27, 28, 29, 30, 
    461          32, 33, 34, 35, 37, 38, 39, 41, 42, 43, 
    462          44, 46, 47, 48, 49, 51, 52, 53, 54, 56, 
    463          57, 58, 60, 61, 62, 63, 65, 66, 67, 68, 
    464          70, 71, 72, 74, 75, 76, 77, 79, 80, 81, 
    465          82, 84, 85, 86, 87, 89, 90, 91, 93, 94, 
    466          95, 96, 98, 99, 100, 101, 103, 104, 105, 106, 
    467          108, 109, 110, 112, 113, 114, 115, 117, 118, 119, 
    468          120, 122, 123, 124, 125, 127, 128, 129, 131, 132, 
    469          133, 134, 136, 137, 138, 139, 141, 142, 143, 145, 
    470          146, 147, 148, 150, 151, 152, 153, 155, 156, 157, 
    471          158, 160, 161, 162, 164, 165, 166, 167, 169, 170, 
    472          171, 172, 174, 175, 176, 177, 179, 180, 
    473          19, 20, 22, 23, 24, 25, 27, 28, 29, 30, 
    474          32, 33, 34, 35, 37, 38, 39, 41, 42, 43, 
    475          44, 46, 47, 48, 49, 51, 52, 53, 54, 56, 
    476          57, 58, 60, 61, 62, 63, 65, 66, 67, 68, 
    477          70, 71, 72, 74, 75, 76, 77, 79, 80, 81, 
    478          82, 84, 85, 86, 87, 89, 90, 91, 93, 94, 
    479          95, 96, 98, 99, 100, 101, 103, 104, 105, 106, 
    480          108, 109, 110, 112, 113, 114, 115, 117, 118, 119, 
    481          120, 122, 123, 124, 125, 127, 128, 129, 131, 132, 
    482          133, 134, 136, 137, 138, 139, 141, 142, 143, 145, 
    483          146, 147, 148, 150, 151, 152, 153, 155, 156, 157, 
    484          158, 160, 161, 162, 164, 165, 166, 167, 169, 170, 
    485          171, 172, 174, 175, 176, 177, 179, 180, 
    486          18, 19, 21, 22, 23, 24, 26, 27, 28, 30, 
    487          31, 32, 33, 35, 36, 37, 39, 40, 41, 42, 
    488          44, 45, 46, 48, 49, 50, 51, 53, 54, 55, 
    489          57, 58, 59, 60, 62, 63, 64, 65, 67, 68, 
    490          69, 71, 72, 73, 74, 76, 77, 78, 80, 81, 
    491          82, 83, 85, 86, 87, 89, 90, 91, 92, 94, 
    492          95, 96, 98, 99, 100, 101, 103, 104, 105, 107, 
    493          108, 109, 110, 112, 113, 114, 116, 117, 118, 119, 
    494          121, 122, 123, 125, 126, 127, 128, 130, 131, 132, 
    495          134, 135, 136, 137, 139, 140, 141, 142, 144, 145, 
    496          146, 148, 149, 150, 151, 153, 154, 155, 157, 158, 
    497          159, 160, 162, 163, 164, 166, 167, 168, 169, 171, 
    498          172, 173, 175, 176, 177, 178, 180, 181, 
    499          18, 19, 21, 22, 23, 24, 26, 27, 28, 30, 
    500          31, 32, 33, 35, 36, 37, 39, 40, 41, 42, 
    501          44, 45, 46, 48, 49, 50, 51, 53, 54, 55, 
    502          57, 58, 59, 60, 62, 63, 64, 65, 67, 68, 
    503          69, 71, 72, 73, 74, 76, 77, 78, 80, 81, 
    504          82, 83, 85, 86, 87, 89, 90, 91, 92, 94, 
    505          95, 96, 98, 99, 100, 101, 103, 104, 105, 107, 
    506          108, 109, 110, 112, 113, 114, 116, 117, 118, 119, 
    507          121, 122, 123, 125, 126, 127, 128, 130, 131, 132, 
    508          134, 135, 136, 137, 139, 140, 141, 142, 144, 145, 
    509          146, 148, 149, 150, 151, 153, 154, 155, 157, 158, 
    510          159, 160, 162, 163, 164, 166, 167, 168, 169, 171, 
    511          172, 173, 175, 176, 177, 178, 180, 181, 
    512          18, 19, 21, 22, 23, 24, 26, 27, 28, 30, 
    513          31, 32, 33, 35, 36, 37, 39, 40, 41, 42, 
    514          44, 45, 46, 48, 49, 50, 51, 53, 54, 55, 
    515          57, 58, 59, 60, 62, 63, 64, 65, 67, 68, 
    516          69, 71, 72, 73, 74, 76, 77, 78, 80, 81, 
    517          82, 83, 85, 86, 87, 89, 90, 91, 92, 94, 
    518          95, 96, 98, 99, 100, 101, 103, 104, 105, 107, 
    519          108, 109, 110, 112, 113, 114, 116, 117, 118, 119, 
    520          121, 122, 123, 125, 126, 127, 128, 130, 131, 132, 
    521          134, 135, 136, 137, 139, 140, 141, 142, 144, 145, 
    522          146, 148, 149, 150, 151, 153, 154, 155, 157, 158, 
    523          159, 160, 162, 163, 164, 166, 167, 168, 169, 171, 
    524          172, 173, 175, 176, 177, 178, 180, 181, 
    525          18, 19, 21, 22, 23, 24, 26, 27, 28, 30, 
    526          31, 32, 33, 35, 36, 37, 39, 40, 41, 42, 
    527          44, 45, 46, 48, 49, 50, 51, 53, 54, 55, 
    528          57, 58, 59, 60, 62, 63, 64, 65, 67, 68, 
    529          69, 71, 72, 73, 74, 76, 77, 78, 80, 81, 
    530          82, 83, 85, 86, 87, 89, 90, 91, 92, 94, 
    531          95, 96, 98, 99, 100, 101, 103, 104, 105, 107, 
    532          108, 109, 110, 112, 113, 114, 116, 117, 118, 119, 
    533          121, 122, 123, 125, 126, 127, 128, 130, 131, 132, 
    534          134, 135, 136, 137, 139, 140, 141, 142, 144, 145, 
    535          146, 148, 149, 150, 151, 153, 154, 155, 157, 158, 
    536          159, 160, 162, 163, 164, 166, 167, 168, 169, 171, 
    537          172, 173, 175, 176, 177, 178, 180, 181, 
    538          16, 17, 19, 20, 21, 23, 24, 25, 27, 28, 
    539          29, 30, 32, 33, 34, 36, 37, 38, 40, 41, 
    540          42, 44, 45, 46, 48, 49, 50, 52, 53, 54, 
    541          55, 57, 58, 59, 61, 62, 63, 65, 66, 67, 
    542          69, 70, 71, 73, 74, 75, 76, 78, 79, 80, 
    543          82, 83, 84, 86, 87, 88, 90, 91, 92, 94, 
    544          95, 96, 98, 99, 100, 101, 103, 104, 105, 107, 
    545          108, 109, 111, 112, 113, 115, 116, 117, 119, 120, 
    546          121, 123, 124, 125, 126, 128, 129, 130, 132, 133, 
    547          134, 136, 137, 138, 140, 141, 142, 144, 145, 146, 
    548          147, 149, 150, 151, 153, 154, 155, 157, 158, 159, 
    549          161, 162, 163, 165, 166, 167, 169, 170, 171, 172, 
    550          174, 175, 176, 178, 179, 180, 182, 183, 
    551          16, 17, 19, 20, 21, 23, 24, 25, 27, 28, 
    552          29, 30, 32, 33, 34, 36, 37, 38, 40, 41, 
    553          42, 44, 45, 46, 48, 49, 50, 52, 53, 54, 
    554          55, 57, 58, 59, 61, 62, 63, 65, 66, 67, 
    555          69, 70, 71, 73, 74, 75, 76, 78, 79, 80, 
    556          82, 83, 84, 86, 87, 88, 90, 91, 92, 94, 
    557          95, 96, 98, 99, 100, 101, 103, 104, 105, 107, 
    558          108, 109, 111, 112, 113, 115, 116, 117, 119, 120, 
    559          121, 123, 124, 125, 126, 128, 129, 130, 132, 133, 
    560          134, 136, 137, 138, 140, 141, 142, 144, 145, 146, 
    561          147, 149, 150, 151, 153, 154, 155, 157, 158, 159, 
    562          161, 162, 163, 165, 166, 167, 169, 170, 171, 172, 
    563          174, 175, 176, 178, 179, 180, 182, 183, 
    564          15, 16, 18, 19, 20, 22, 23, 24, 26, 27, 
    565          28, 30, 31, 32, 34, 35, 36, 38, 39, 40, 
    566          42, 43, 44, 46, 47, 48, 50, 51, 52, 54, 
    567          55, 56, 58, 59, 60, 62, 63, 64, 66, 67, 
    568          68, 70, 71, 72, 74, 75, 76, 78, 79, 80, 
    569          82, 83, 84, 86, 87, 88, 90, 91, 92, 94, 
    570          95, 96, 98, 99, 100, 101, 103, 104, 105, 107, 
    571          108, 109, 111, 112, 113, 115, 116, 117, 119, 120, 
    572          121, 123, 124, 125, 127, 128, 129, 131, 132, 133, 
    573          135, 136, 137, 139, 140, 141, 143, 144, 145, 147, 
    574          148, 149, 151, 152, 153, 155, 156, 157, 159, 160, 
    575          161, 163, 164, 165, 167, 168, 169, 171, 172, 173, 
    576          175, 176, 177, 179, 180, 181, 183, 184, 
    577          14, 15, 17, 18, 19, 21, 22, 23, 25, 26, 
    578          27, 29, 30, 32, 33, 34, 36, 37, 38, 40, 
    579          41, 42, 44, 45, 46, 48, 49, 50, 52, 53, 
    580          54, 56, 57, 58, 60, 61, 62, 64, 65, 67, 
    581          68, 69, 71, 72, 73, 75, 76, 77, 79, 80, 
    582          81, 83, 84, 85, 87, 88, 89, 91, 92, 93, 
    583          95, 96, 97, 99, 100, 102, 103, 104, 106, 107, 
    584          108, 110, 111, 112, 114, 115, 116, 118, 119, 120, 
    585          122, 123, 124, 126, 127, 128, 130, 131, 132, 134, 
    586          135, 137, 138, 139, 141, 142, 143, 145, 146, 147, 
    587          149, 150, 151, 153, 154, 155, 157, 158, 159, 161, 
    588          162, 163, 165, 166, 167, 169, 170, 172, 173, 174, 
    589          176, 177, 178, 180, 181, 182, 184, 185, 
    590          13, 14, 16, 17, 18, 20, 21, 23, 24, 25, 
    591          27, 28, 29, 31, 32, 33, 35, 36, 38, 39, 
    592          40, 42, 43, 44, 46, 47, 48, 50, 51, 53, 
    593          54, 55, 57, 58, 59, 61, 62, 63, 65, 66, 
    594          67, 69, 70, 72, 73, 74, 76, 77, 78, 80, 
    595          81, 82, 84, 85, 87, 88, 89, 91, 92, 93, 
    596          95, 96, 97, 99, 100, 102, 103, 104, 106, 107, 
    597          108, 110, 111, 112, 114, 115, 117, 118, 119, 121, 
    598          122, 123, 125, 126, 127, 129, 130, 132, 133, 134, 
    599          136, 137, 138, 140, 141, 142, 144, 145, 146, 148, 
    600          149, 151, 152, 153, 155, 156, 157, 159, 160, 161, 
    601          163, 164, 166, 167, 168, 170, 171, 172, 174, 175, 
    602          176, 178, 179, 181, 182, 183, 185, 186, 
    603          13, 14, 16, 17, 18, 20, 21, 23, 24, 25, 
    604          27, 28, 29, 31, 32, 33, 35, 36, 38, 39, 
    605          40, 42, 43, 44, 46, 47, 48, 50, 51, 53, 
    606          54, 55, 57, 58, 59, 61, 62, 63, 65, 66, 
    607          67, 69, 70, 72, 73, 74, 76, 77, 78, 80, 
    608          81, 82, 84, 85, 87, 88, 89, 91, 92, 93, 
    609          95, 96, 97, 99, 100, 102, 103, 104, 106, 107, 
    610          108, 110, 111, 112, 114, 115, 117, 118, 119, 121, 
    611          122, 123, 125, 126, 127, 129, 130, 132, 133, 134, 
    612          136, 137, 138, 140, 141, 142, 144, 145, 146, 148, 
    613          149, 151, 152, 153, 155, 156, 157, 159, 160, 161, 
    614          163, 164, 166, 167, 168, 170, 171, 172, 174, 175, 
    615          176, 178, 179, 181, 182, 183, 185, 186, 
    616          13, 14, 16, 17, 18, 20, 21, 23, 24, 25, 
    617          27, 28, 29, 31, 32, 33, 35, 36, 38, 39, 
    618          40, 42, 43, 44, 46, 47, 48, 50, 51, 53, 
    619          54, 55, 57, 58, 59, 61, 62, 63, 65, 66, 
    620          67, 69, 70, 72, 73, 74, 76, 77, 78, 80, 
    621          81, 82, 84, 85, 87, 88, 89, 91, 92, 93, 
    622          95, 96, 97, 99, 100, 102, 103, 104, 106, 107, 
    623          108, 110, 111, 112, 114, 115, 117, 118, 119, 121, 
    624          122, 123, 125, 126, 127, 129, 130, 132, 133, 134, 
    625          136, 137, 138, 140, 141, 142, 144, 145, 146, 148, 
    626          149, 151, 152, 153, 155, 156, 157, 159, 160, 161, 
    627          163, 164, 166, 167, 168, 170, 171, 172, 174, 175, 
    628          176, 178, 179, 181, 182, 183, 185, 186, 
    629          12, 13, 15, 16, 18, 19, 20, 22, 23, 24, 
    630          26, 27, 29, 30, 31, 33, 34, 35, 37, 38, 
    631          40, 41, 42, 44, 45, 46, 48, 49, 51, 52, 
    632          53, 55, 56, 57, 59, 60, 62, 63, 64, 66, 
    633          67, 68, 70, 71, 73, 74, 75, 77, 78, 80, 
    634          81, 82, 84, 85, 86, 88, 89, 91, 92, 93, 
    635          95, 96, 97, 99, 100, 102, 103, 104, 106, 107, 
    636          108, 110, 111, 113, 114, 115, 117, 118, 119, 121, 
    637          122, 124, 125, 126, 128, 129, 131, 132, 133, 135, 
    638          136, 137, 139, 140, 142, 143, 144, 146, 147, 148, 
    639          150, 151, 153, 154, 155, 157, 158, 159, 161, 162, 
    640          164, 165, 166, 168, 169, 170, 172, 173, 175, 176, 
    641          177, 179, 180, 181, 183, 184, 186, 187, 
    642          11, 12, 14, 15, 17, 18, 19, 21, 22, 24, 
    643          25, 26, 28, 29, 31, 32, 33, 35, 36, 37, 
    644          39, 40, 42, 43, 44, 46, 47, 49, 50, 51, 
    645          53, 54, 56, 57, 58, 60, 61, 63, 64, 65, 
    646          67, 68, 70, 71, 72, 74, 75, 77, 78, 79, 
    647          81, 82, 83, 85, 86, 88, 89, 90, 92, 93, 
    648          95, 96, 97, 99, 100, 102, 103, 104, 106, 107, 
    649          109, 110, 111, 113, 114, 116, 117, 118, 120, 121, 
    650          122, 124, 125, 127, 128, 129, 131, 132, 134, 135, 
    651          136, 138, 139, 141, 142, 143, 145, 146, 148, 149, 
    652          150, 152, 153, 155, 156, 157, 159, 160, 162, 163, 
    653          164, 166, 167, 168, 170, 171, 173, 174, 175, 177, 
    654          178, 180, 181, 182, 184, 185, 187, 188, 
    655          11, 12, 14, 15, 17, 18, 19, 21, 22, 24, 
    656          25, 26, 28, 29, 31, 32, 33, 35, 36, 37, 
    657          39, 40, 42, 43, 44, 46, 47, 49, 50, 51, 
    658          53, 54, 56, 57, 58, 60, 61, 63, 64, 65, 
    659          67, 68, 70, 71, 72, 74, 75, 77, 78, 79, 
    660          81, 82, 83, 85, 86, 88, 89, 90, 92, 93, 
    661          95, 96, 97, 99, 100, 102, 103, 104, 106, 107, 
    662          109, 110, 111, 113, 114, 116, 117, 118, 120, 121, 
    663          122, 124, 125, 127, 128, 129, 131, 132, 134, 135, 
    664          136, 138, 139, 141, 142, 143, 145, 146, 148, 149, 
    665          150, 152, 153, 155, 156, 157, 159, 160, 162, 163, 
    666          164, 166, 167, 168, 170, 171, 173, 174, 175, 177, 
    667          178, 180, 181, 182, 184, 185, 187, 188, 
    668          11, 12, 14, 15, 17, 18, 19, 21, 22, 24, 
    669          25, 26, 28, 29, 31, 32, 33, 35, 36, 37, 
    670          39, 40, 42, 43, 44, 46, 47, 49, 50, 51, 
    671          53, 54, 56, 57, 58, 60, 61, 63, 64, 65, 
    672          67, 68, 70, 71, 72, 74, 75, 77, 78, 79, 
    673          81, 82, 83, 85, 86, 88, 89, 90, 92, 93, 
    674          95, 96, 97, 99, 100, 102, 103, 104, 106, 107, 
    675          109, 110, 111, 113, 114, 116, 117, 118, 120, 121, 
    676          122, 124, 125, 127, 128, 129, 131, 132, 134, 135, 
    677          136, 138, 139, 141, 142, 143, 145, 146, 148, 149, 
    678          150, 152, 153, 155, 156, 157, 159, 160, 162, 163, 
    679          164, 166, 167, 168, 170, 171, 173, 174, 175, 177, 
    680          178, 180, 181, 182, 184, 185, 187, 188, 
    681          10, 11, 13, 14, 16, 17, 18, 20, 21, 23, 
    682          24, 26, 27, 28, 30, 31, 33, 34, 35, 37, 
    683          38, 40, 41, 42, 44, 45, 47, 48, 49, 51, 
    684          52, 54, 55, 57, 58, 59, 61, 62, 64, 65, 
    685          66, 68, 69, 71, 72, 73, 75, 76, 78, 79, 
    686          80, 82, 83, 85, 86, 88, 89, 90, 92, 93, 
    687          95, 96, 97, 99, 100, 102, 103, 104, 106, 107, 
    688          109, 110, 111, 113, 114, 116, 117, 119, 120, 121, 
    689          123, 124, 126, 127, 128, 130, 131, 133, 134, 135, 
    690          137, 138, 140, 141, 142, 144, 145, 147, 148, 150, 
    691          151, 152, 154, 155, 157, 158, 159, 161, 162, 164, 
    692          165, 166, 168, 169, 171, 172, 173, 175, 176, 178, 
    693          179, 181, 182, 183, 185, 186, 188, 189, 
    694          9, 10, 12, 13, 15, 16, 18, 19, 20, 22, 
    695          23, 25, 26, 28, 29, 30, 32, 33, 35, 36, 
    696          38, 39, 40, 42, 43, 45, 46, 47, 49, 50, 
    697          52, 53, 55, 56, 57, 59, 60, 62, 63, 65, 
    698          66, 67, 69, 70, 72, 73, 75, 76, 77, 79, 
    699          80, 82, 83, 85, 86, 87, 89, 90, 92, 93, 
    700          95, 96, 97, 99, 100, 102, 103, 104, 106, 107, 
    701          109, 110, 112, 113, 114, 116, 117, 119, 120, 122, 
    702          123, 124, 126, 127, 129, 130, 132, 133, 134, 136, 
    703          137, 139, 140, 142, 143, 144, 146, 147, 149, 150, 
    704          152, 153, 154, 156, 157, 159, 160, 161, 163, 164, 
    705          166, 167, 169, 170, 171, 173, 174, 176, 177, 179, 
    706          180, 181, 183, 184, 186, 187, 189, 190, 
    707          9, 10, 12, 13, 15, 16, 18, 19, 20, 22, 
    708          23, 25, 26, 28, 29, 30, 32, 33, 35, 36, 
    709          38, 39, 40, 42, 43, 45, 46, 47, 49, 50, 
    710          52, 53, 55, 56, 57, 59, 60, 62, 63, 65, 
    711          66, 67, 69, 70, 72, 73, 75, 76, 77, 79, 
    712          80, 82, 83, 85, 86, 87, 89, 90, 92, 93, 
    713          95, 96, 97, 99, 100, 102, 103, 104, 106, 107, 
    714          109, 110, 112, 113, 114, 116, 117, 119, 120, 122, 
    715          123, 124, 126, 127, 129, 130, 132, 133, 134, 136, 
    716          137, 139, 140, 142, 143, 144, 146, 147, 149, 150, 
    717          152, 153, 154, 156, 157, 159, 160, 161, 163, 164, 
    718          166, 167, 169, 170, 171, 173, 174, 176, 177, 179, 
    719          180, 181, 183, 184, 186, 187, 189, 190, 
    720          9, 10, 12, 13, 15, 16, 18, 19, 20, 22, 
    721          23, 25, 26, 28, 29, 30, 32, 33, 35, 36, 
    722          38, 39, 40, 42, 43, 45, 46, 47, 49, 50, 
    723          52, 53, 55, 56, 57, 59, 60, 62, 63, 65, 
    724          66, 67, 69, 70, 72, 73, 75, 76, 77, 79, 
    725          80, 82, 83, 85, 86, 87, 89, 90, 92, 93, 
    726          95, 96, 97, 99, 100, 102, 103, 104, 106, 107, 
    727          109, 110, 112, 113, 114, 116, 117, 119, 120, 122, 
    728          123, 124, 126, 127, 129, 130, 132, 133, 134, 136, 
    729          137, 139, 140, 142, 143, 144, 146, 147, 149, 150, 
    730          152, 153, 154, 156, 157, 159, 160, 161, 163, 164, 
    731          166, 167, 169, 170, 171, 173, 174, 176, 177, 179, 
    732          180, 181, 183, 184, 186, 187, 189, 190, 
    733          9, 10, 12, 13, 15, 16, 18, 19, 20, 22, 
    734          23, 25, 26, 28, 29, 30, 32, 33, 35, 36, 
    735          38, 39, 40, 42, 43, 45, 46, 47, 49, 50, 
    736          52, 53, 55, 56, 57, 59, 60, 62, 63, 65, 
    737          66, 67, 69, 70, 72, 73, 75, 76, 77, 79, 
    738          80, 82, 83, 85, 86, 87, 89, 90, 92, 93, 
    739          95, 96, 97, 99, 100, 102, 103, 104, 106, 107, 
    740          109, 110, 112, 113, 114, 116, 117, 119, 120, 122, 
    741          123, 124, 126, 127, 129, 130, 132, 133, 134, 136, 
    742          137, 139, 140, 142, 143, 144, 146, 147, 149, 150, 
    743          152, 153, 154, 156, 157, 159, 160, 161, 163, 164, 
    744          166, 167, 169, 170, 171, 173, 174, 176, 177, 179, 
    745          180, 181, 183, 184, 186, 187, 189, 190, 
    746          7, 8, 10, 11, 13, 14, 16, 17, 19, 20, 
    747          22, 23, 24, 26, 27, 29, 30, 32, 33, 35, 
    748          36, 38, 39, 41, 42, 43, 45, 46, 48, 49, 
    749          51, 52, 54, 55, 57, 58, 59, 61, 62, 64, 
    750          65, 67, 68, 70, 71, 73, 74, 75, 77, 78, 
    751          80, 81, 83, 84, 86, 87, 89, 90, 91, 93, 
    752          94, 96, 97, 99, 100, 102, 103, 105, 106, 108, 
    753          109, 110, 112, 113, 115, 116, 118, 119, 121, 122, 
    754          124, 125, 126, 128, 129, 131, 132, 134, 135, 137, 
    755          138, 140, 141, 142, 144, 145, 147, 148, 150, 151, 
    756          153, 154, 156, 157, 158, 160, 161, 163, 164, 166, 
    757          167, 169, 170, 172, 173, 175, 176, 177, 179, 180, 
    758          182, 183, 185, 186, 188, 189, 191, 192, 
    759          7, 8, 10, 11, 13, 14, 16, 17, 19, 20, 
    760          22, 23, 24, 26, 27, 29, 30, 32, 33, 35, 
    761          36, 38, 39, 41, 42, 43, 45, 46, 48, 49, 
    762          51, 52, 54, 55, 57, 58, 59, 61, 62, 64, 
    763          65, 67, 68, 70, 71, 73, 74, 75, 77, 78, 
    764          80, 81, 83, 84, 86, 87, 89, 90, 91, 93, 
    765          94, 96, 97, 99, 100, 102, 103, 105, 106, 108, 
    766          109, 110, 112, 113, 115, 116, 118, 119, 121, 122, 
    767          124, 125, 126, 128, 129, 131, 132, 134, 135, 137, 
    768          138, 140, 141, 142, 144, 145, 147, 148, 150, 151, 
    769          153, 154, 156, 157, 158, 160, 161, 163, 164, 166, 
    770          167, 169, 170, 172, 173, 175, 176, 177, 179, 180, 
    771          182, 183, 185, 186, 188, 189, 191, 192, 
    772          7, 8, 10, 11, 13, 14, 16, 17, 19, 20, 
    773          22, 23, 24, 26, 27, 29, 30, 32, 33, 35, 
    774          36, 38, 39, 41, 42, 43, 45, 46, 48, 49, 
    775          51, 52, 54, 55, 57, 58, 59, 61, 62, 64, 
    776          65, 67, 68, 70, 71, 73, 74, 75, 77, 78, 
    777          80, 81, 83, 84, 86, 87, 89, 90, 91, 93, 
    778          94, 96, 97, 99, 100, 102, 103, 105, 106, 108, 
    779          109, 110, 112, 113, 115, 116, 118, 119, 121, 122, 
    780          124, 125, 126, 128, 129, 131, 132, 134, 135, 137, 
    781          138, 140, 141, 142, 144, 145, 147, 148, 150, 151, 
    782          153, 154, 156, 157, 158, 160, 161, 163, 164, 166, 
    783          167, 169, 170, 172, 173, 175, 176, 177, 179, 180, 
    784          182, 183, 185, 186, 188, 189, 191, 192, 
    785          7, 8, 10, 11, 13, 14, 16, 17, 19, 20, 
    786          22, 23, 24, 26, 27, 29, 30, 32, 33, 35, 
    787          36, 38, 39, 41, 42, 43, 45, 46, 48, 49, 
    788          51, 52, 54, 55, 57, 58, 59, 61, 62, 64, 
    789          65, 67, 68, 70, 71, 73, 74, 75, 77, 78, 
    790          80, 81, 83, 84, 86, 87, 89, 90, 91, 93, 
    791          94, 96, 97, 99, 100, 102, 103, 105, 106, 108, 
    792          109, 110, 112, 113, 115, 116, 118, 119, 121, 122, 
    793          124, 125, 126, 128, 129, 131, 132, 134, 135, 137, 
    794          138, 140, 141, 142, 144, 145, 147, 148, 150, 151, 
    795          153, 154, 156, 157, 158, 160, 161, 163, 164, 166, 
    796          167, 169, 170, 172, 173, 175, 176, 177, 179, 180, 
    797          182, 183, 185, 186, 188, 189, 191, 192, 
    798          6, 7, 9, 10, 12, 13, 15, 16, 18, 19, 
    799          21, 22, 24, 25, 27, 28, 30, 31, 33, 34, 
    800          35, 37, 38, 40, 41, 43, 44, 46, 47, 49, 
    801          50, 52, 53, 55, 56, 58, 59, 60, 62, 63, 
    802          65, 66, 68, 69, 71, 72, 74, 75, 77, 78, 
    803          80, 81, 83, 84, 86, 87, 88, 90, 91, 93, 
    804          94, 96, 97, 99, 100, 102, 103, 105, 106, 108, 
    805          109, 111, 112, 113, 115, 116, 118, 119, 121, 122, 
    806          124, 125, 127, 128, 130, 131, 133, 134, 136, 137, 
    807          139, 140, 141, 143, 144, 146, 147, 149, 150, 152, 
    808          153, 155, 156, 158, 159, 161, 162, 164, 165, 166, 
    809          168, 169, 171, 172, 174, 175, 177, 178, 180, 181, 
    810          183, 184, 186, 187, 189, 190, 192, 193, 
    811          6, 7, 9, 10, 12, 13, 15, 16, 18, 19, 
    812          21, 22, 24, 25, 27, 28, 30, 31, 33, 34, 
    813          35, 37, 38, 40, 41, 43, 44, 46, 47, 49, 
    814          50, 52, 53, 55, 56, 58, 59, 60, 62, 63, 
    815          65, 66, 68, 69, 71, 72, 74, 75, 77, 78, 
    816          80, 81, 83, 84, 86, 87, 88, 90, 91, 93, 
    817          94, 96, 97, 99, 100, 102, 103, 105, 106, 108, 
    818          109, 111, 112, 113, 115, 116, 118, 119, 121, 122, 
    819          124, 125, 127, 128, 130, 131, 133, 134, 136, 137, 
    820          139, 140, 141, 143, 144, 146, 147, 149, 150, 152, 
    821          153, 155, 156, 158, 159, 161, 162, 164, 165, 166, 
    822          168, 169, 171, 172, 174, 175, 177, 178, 180, 181, 
    823          183, 184, 186, 187, 189, 190, 192, 193, 
    824          6, 7, 9, 10, 12, 13, 15, 16, 18, 19, 
    825          21, 22, 24, 25, 27, 28, 30, 31, 33, 34, 
    826          35, 37, 38, 40, 41, 43, 44, 46, 47, 49, 
    827          50, 52, 53, 55, 56, 58, 59, 60, 62, 63, 
    828          65, 66, 68, 69, 71, 72, 74, 75, 77, 78, 
    829          80, 81, 83, 84, 86, 87, 88, 90, 91, 93, 
    830          94, 96, 97, 99, 100, 102, 103, 105, 106, 108, 
    831          109, 111, 112, 113, 115, 116, 118, 119, 121, 122, 
    832          124, 125, 127, 128, 130, 131, 133, 134, 136, 137, 
    833          139, 140, 141, 143, 144, 146, 147, 149, 150, 152, 
    834          153, 155, 156, 158, 159, 161, 162, 164, 165, 166, 
    835          168, 169, 171, 172, 174, 175, 177, 178, 180, 181, 
    836          183, 184, 186, 187, 189, 190, 192, 193, 
    837          6, 7, 9, 10, 12, 13, 15, 16, 18, 19, 
    838          21, 22, 24, 25, 27, 28, 30, 31, 33, 34, 
    839          35, 37, 38, 40, 41, 43, 44, 46, 47, 49, 
    840          50, 52, 53, 55, 56, 58, 59, 60, 62, 63, 
    841          65, 66, 68, 69, 71, 72, 74, 75, 77, 78, 
    842          80, 81, 83, 84, 86, 87, 88, 90, 91, 93, 
    843          94, 96, 97, 99, 100, 102, 103, 105, 106, 108, 
    844          109, 111, 112, 113, 115, 116, 118, 119, 121, 122, 
    845          124, 125, 127, 128, 130, 131, 133, 134, 136, 137, 
    846          139, 140, 141, 143, 144, 146, 147, 149, 150, 152, 
    847          153, 155, 156, 158, 159, 161, 162, 164, 165, 166, 
    848          168, 169, 171, 172, 174, 175, 177, 178, 180, 181, 
    849          183, 184, 186, 187, 189, 190, 192, 193, 
    850          4, 6, 7, 9, 10, 12, 13, 15, 16, 18, 
    851          19, 21, 22, 24, 25, 27, 28, 30, 31, 33, 
    852          34, 36, 37, 39, 40, 42, 43, 45, 46, 48, 
    853          49, 51, 52, 54, 55, 57, 58, 60, 61, 63, 
    854          64, 66, 67, 69, 70, 72, 73, 75, 76, 78, 
    855          79, 81, 82, 84, 85, 87, 88, 90, 91, 93, 
    856          94, 96, 97, 99, 100, 102, 103, 105, 106, 108, 
    857          109, 111, 112, 114, 115, 117, 118, 120, 121, 123, 
    858          124, 126, 127, 129, 130, 132, 133, 135, 136, 138, 
    859          139, 141, 142, 144, 145, 147, 148, 150, 151, 153, 
    860          154, 156, 157, 159, 160, 162, 163, 165, 166, 168, 
    861          169, 171, 172, 174, 175, 177, 178, 180, 181, 183, 
    862          184, 186, 187, 189, 190, 192, 193, 195, 
    863          4, 6, 7, 9, 10, 12, 13, 15, 16, 18, 
    864          19, 21, 22, 24, 25, 27, 28, 30, 31, 33, 
    865          34, 36, 37, 39, 40, 42, 43, 45, 46, 48, 
    866          49, 51, 52, 54, 55, 57, 58, 60, 61, 63, 
    867          64, 66, 67, 69, 70, 72, 73, 75, 76, 78, 
    868          79, 81, 82, 84, 85, 87, 88, 90, 91, 93, 
    869          94, 96, 97, 99, 100, 102, 103, 105, 106, 108, 
    870          109, 111, 112, 114, 115, 117, 118, 120, 121, 123, 
    871          124, 126, 127, 129, 130, 132, 133, 135, 136, 138, 
    872          139, 141, 142, 144, 145, 147, 148, 150, 151, 153, 
    873          154, 156, 157, 159, 160, 162, 163, 165, 166, 168, 
    874          169, 171, 172, 174, 175, 177, 178, 180, 181, 183, 
    875          184, 186, 187, 189, 190, 192, 193, 195, 
    876          4, 6, 7, 9, 10, 12, 13, 15, 16, 18, 
    877          19, 21, 22, 24, 25, 27, 28, 30, 31, 33, 
    878          34, 36, 37, 39, 40, 42, 43, 45, 46, 48, 
    879          49, 51, 52, 54, 55, 57, 58, 60, 61, 63, 
    880          64, 66, 67, 69, 70, 72, 73, 75, 76, 78, 
    881          79, 81, 82, 84, 85, 87, 88, 90, 91, 93, 
    882          94, 96, 97, 99, 100, 102, 103, 105, 106, 108, 
    883          109, 111, 112, 114, 115, 117, 118, 120, 121, 123, 
    884          124, 126, 127, 129, 130, 132, 133, 135, 136, 138, 
    885          139, 141, 142, 144, 145, 147, 148, 150, 151, 153, 
    886          154, 156, 157, 159, 160, 162, 163, 165, 166, 168, 
    887          169, 171, 172, 174, 175, 177, 178, 180, 181, 183, 
    888          184, 186, 187, 189, 190, 192, 193, 195, 
    889          5, 6, 8, 9, 11, 12, 14, 15, 17, 18, 
    890          20, 21, 23, 24, 26, 27, 29, 30, 32, 33, 
    891          35, 36, 38, 39, 41, 42, 44, 45, 47, 48, 
    892          50, 51, 53, 54, 56, 57, 59, 60, 62, 63, 
    893          65, 66, 68, 69, 70, 72, 73, 75, 76, 78, 
    894          79, 81, 82, 84, 85, 87, 88, 90, 91, 93, 
    895          94, 96, 97, 99, 100, 102, 103, 105, 106, 108, 
    896          109, 111, 112, 114, 115, 117, 118, 120, 121, 123, 
    897          124, 126, 127, 129, 130, 131, 133, 134, 136, 137, 
    898          139, 140, 142, 143, 145, 146, 148, 149, 151, 152, 
    899          154, 155, 157, 158, 160, 161, 163, 164, 166, 167, 
    900          169, 170, 172, 173, 175, 176, 178, 179, 181, 182, 
    901          184, 185, 187, 188, 190, 191, 193, 194, 
    902          3, 5, 6, 8, 9, 11, 12, 14, 15, 17, 
    903          18, 20, 21, 23, 24, 26, 27, 29, 30, 32, 
    904          33, 35, 36, 38, 39, 41, 43, 44, 46, 47, 
    905          49, 50, 52, 53, 55, 56, 58, 59, 61, 62, 
    906          64, 65, 67, 68, 70, 71, 73, 74, 76, 77, 
    907          79, 81, 82, 84, 85, 87, 88, 90, 91, 93, 
    908          94, 96, 97, 99, 100, 102, 103, 105, 106, 108, 
    909          109, 111, 112, 114, 115, 117, 118, 120, 122, 123, 
    910          125, 126, 128, 129, 131, 132, 134, 135, 137, 138, 
    911          140, 141, 143, 144, 146, 147, 149, 150, 152, 153, 
    912          155, 156, 158, 160, 161, 163, 164, 166, 167, 169, 
    913          170, 172, 173, 175, 176, 178, 179, 181, 182, 184, 
    914          185, 187, 188, 190, 191, 193, 194, 196, 
    915          4, 6, 7, 9, 10, 12, 13, 15, 16, 18, 
    916          19, 21, 22, 24, 25, 27, 28, 30, 31, 33, 
    917          34, 36, 37, 39, 40, 42, 43, 45, 46, 48, 
    918          49, 51, 52, 54, 55, 57, 58, 60, 61, 63, 
    919          64, 66, 67, 69, 70, 72, 73, 75, 76, 78, 
    920          79, 81, 82, 84, 85, 87, 88, 90, 91, 93, 
    921          94, 96, 97, 99, 100, 102, 103, 105, 106, 108, 
    922          109, 111, 112, 114, 115, 117, 118, 120, 121, 123, 
    923          124, 126, 127, 129, 130, 132, 133, 135, 136, 138, 
    924          139, 141, 142, 144, 145, 147, 148, 150, 151, 153, 
    925          154, 156, 157, 159, 160, 162, 163, 165, 166, 168, 
    926          169, 171, 172, 174, 175, 177, 178, 180, 181, 183, 
    927          184, 186, 187, 189, 190, 192, 193, 195, 
    928          4, 6, 7, 9, 10, 12, 13, 15, 16, 18, 
    929          19, 21, 22, 24, 25, 27, 28, 30, 31, 33, 
    930          34, 36, 37, 39, 40, 42, 43, 45, 46, 48, 
    931          49, 51, 52, 54, 55, 57, 58, 60, 61, 63, 
    932          64, 66, 67, 69, 70, 72, 73, 75, 76, 78, 
    933          79, 81, 82, 84, 85, 87, 88, 90, 91, 93, 
    934          94, 96, 97, 99, 100, 102, 103, 105, 106, 108, 
    935          109, 111, 112, 114, 115, 117, 118, 120, 121, 123, 
    936          124, 126, 127, 129, 130, 132, 133, 135, 136, 138, 
    937          139, 141, 142, 144, 145, 147, 148, 150, 151, 153, 
    938          154, 156, 157, 159, 160, 162, 163, 165, 166, 168, 
    939          169, 171, 172, 174, 175, 177, 178, 180, 181, 183, 
    940          184, 186, 187, 189, 190, 192, 193, 195, 
    941          4, 6, 7, 9, 10, 12, 13, 15, 16, 18, 
    942          19, 21, 22, 24, 25, 27, 28, 30, 31, 33, 
    943          34, 36, 37, 39, 40, 42, 43, 45, 46, 48, 
    944          49, 51, 52, 54, 55, 57, 58, 60, 61, 63, 
    945          64, 66, 67, 69, 70, 72, 73, 75, 76, 78, 
    946          79, 81, 82, 84, 85, 87, 88, 90, 91, 93, 
    947          94, 96, 97, 99, 100, 102, 103, 105, 106, 108, 
    948          109, 111, 112, 114, 115, 117, 118, 120, 121, 123, 
    949          124, 126, 127, 129, 130, 132, 133, 135, 136, 138, 
    950          139, 141, 142, 144, 145, 147, 148, 150, 151, 153, 
    951          154, 156, 157, 159, 160, 162, 163, 165, 166, 168, 
    952          169, 171, 172, 174, 175, 177, 178, 180, 181, 183, 
    953          184, 186, 187, 189, 190, 192, 193, 195, 
    954          4, 6, 7, 9, 10, 12, 13, 15, 16, 18, 
    955          19, 21, 22, 24, 25, 27, 28, 30, 31, 33, 
    956          34, 36, 37, 39, 40, 42, 43, 45, 46, 48, 
    957          49, 51, 52, 54, 55, 57, 58, 60, 61, 63, 
    958          64, 66, 67, 69, 70, 72, 73, 75, 76, 78, 
    959          79, 81, 82, 84, 85, 87, 88, 90, 91, 93, 
    960          94, 96, 97, 99, 100, 102, 103, 105, 106, 108, 
    961          109, 111, 112, 114, 115, 117, 118, 120, 121, 123, 
    962          124, 126, 127, 129, 130, 132, 133, 135, 136, 138, 
    963          139, 141, 142, 144, 145, 147, 148, 150, 151, 153, 
    964          154, 156, 157, 159, 160, 162, 163, 165, 166, 168, 
    965          169, 171, 172, 174, 175, 177, 178, 180, 181, 183, 
    966          184, 186, 187, 189, 190, 192, 193, 195, 
    967          4, 6, 7, 9, 10, 12, 13, 15, 16, 18, 
    968          19, 21, 22, 24, 25, 27, 28, 30, 31, 33, 
    969          34, 36, 37, 39, 40, 42, 43, 45, 46, 48, 
    970          49, 51, 52, 54, 55, 57, 58, 60, 61, 63, 
    971          64, 66, 67, 69, 70, 72, 73, 75, 76, 78, 
    972          79, 81, 82, 84, 85, 87, 88, 90, 91, 93, 
    973          94, 96, 97, 99, 100, 102, 103, 105, 106, 108, 
    974          109, 111, 112, 114, 115, 117, 118, 120, 121, 123, 
    975          124, 126, 127, 129, 130, 132, 133, 135, 136, 138, 
    976          139, 141, 142, 144, 145, 147, 148, 150, 151, 153, 
    977          154, 156, 157, 159, 160, 162, 163, 165, 166, 168, 
    978          169, 171, 172, 174, 175, 177, 178, 180, 181, 183, 
    979          184, 186, 187, 189, 190, 192, 193, 195
    980          };
    981          
    982          
    983          uint8  (* Get200to128IndexPoint())[IMAGE_Y_MAX]
    984          {
    985              return g_col;
    986          }
    987          
    988          
    989          void Camera_Init(void)
    990          {
    991              Camera_GPIO_Init();
    992              Camera_DMA_Init();
    993              Camera_Para_Init();
    994          }
    995          
    996          void Camera_GPIO_Init(void)
    997          {
    998              //OV数据口初始化
    999              data_init.GPIO_PTx = DATA_PORT;
   1000              data_init.GPIO_Dir = DIR_INPUT;
   1001              data_init.GPIO_Pins = DATA_PORT_PIN;
   1002              data_init.GPIO_PinControl = IRQC_DIS | INPUT_PULL_DIS;
   1003              LPLD_GPIO_Init(data_init);
   1004              
   1005              //OV行信号接口初始化
   1006              h_init.GPIO_PTx = H_GPIO_PORT;
   1007              h_init.GPIO_Dir = DIR_INPUT;
   1008              h_init.GPIO_Pins = H_PIN;
   1009              h_init.GPIO_PinControl = IRQC_RI|INPUT_PULL_DOWN;
   1010              h_init.GPIO_Isr = Camera_H_isr;//Camera_H_isr;
   1011              LPLD_GPIO_Init(h_init); 
   1012              
   1013              //OV场信号接口初始化：
   1014              v_init.GPIO_PTx = V_GPIO_PORT;
   1015              v_init.GPIO_Dir = DIR_INPUT;
   1016              v_init.GPIO_Pins = V_PIN;
   1017              v_init.GPIO_PinControl = IRQC_FA|INPUT_PULL_UP;//IRQC_RI|INPUT_PULL_DOWN;
   1018              v_init.GPIO_Isr = Camera_V_isr;
   1019              LPLD_GPIO_Init(v_init); 
   1020              
   1021              //OV PCLK信号接口初始化：
   1022              pclk_init.GPIO_PTx = PCLK_PORT;
   1023              pclk_init.GPIO_Pins = PCLK_PIN;
   1024              pclk_init.GPIO_Dir = DIR_INPUT;
   1025              pclk_init.GPIO_PinControl = IRQC_DMARI | INPUT_PULL_DIS;
   1026              LPLD_GPIO_Init(pclk_init);   
   1027              
   1028              //图像处理中断（优先级应该不高于1ms中断）触发源引脚：
   1029              isr_process_source_init.GPIO_PTx = ISR_PROC_SOURCE_GPIO_PORT;
   1030              isr_process_source_init.GPIO_Pins = ISR_PROC_SOURCE_PIN;
   1031              isr_process_source_init.GPIO_Dir = DIR_OUTPUT;
   1032              isr_process_source_init.GPIO_Output = OUTPUT_L;
   1033              isr_process_source_init.GPIO_PinControl = IRQC_DIS;
   1034              LPLD_GPIO_Init(isr_process_source_init);       
   1035              
   1036              //图像处理中断（优先级应该不高于1ms中断）被触发引脚：
   1037              isr_process_init.GPIO_PTx = ISR_PROC_GPIO_PORT;
   1038              isr_process_init.GPIO_Dir = DIR_INPUT;
   1039              isr_process_init.GPIO_Pins = ISR_PROC_PIN;
   1040              isr_process_init.GPIO_PinControl = IRQC_RI | INPUT_PULL_UP;
   1041              isr_process_init.GPIO_Isr = Camera_Process_isr;
   1042              LPLD_GPIO_Init(isr_process_init);     
   1043              
   1044          }
   1045          
   1046          void Camera_DMA_Init(void)
   1047          {
   1048              static DMA_InitTypeDef dma_init_struct;      
   1049              
   1050              //DMA参数配置
   1051              dma_init_struct.DMA_CHx = CAMERA_DMA_CH;    //CH0通道
   1052              dma_init_struct.DMA_Req = DMA_REQ;       //请求源
   1053              dma_init_struct.DMA_MajorLoopCnt = IMAGE_Y_GATHER; //主循环计数值：行采集点数，宽度
   1054              dma_init_struct.DMA_MinorByteCnt = 1; //次循环字节计数：每次读入1字节
   1055              dma_init_struct.DMA_SourceAddr = (uint32)&DMA_SOURCE_ADDRESS;        //源地址
   1056              dma_init_struct.DMA_SourceDataSize = DMA_SRC_8BIT;
   1057              dma_init_struct.DMA_SourceAddrOffset = 0;               //源地址每次操作后地址增加量为0
   1058              dma_init_struct.DMA_DestDataSize = DMA_DST_8BIT;        //目的数据大小8bit
   1059              dma_init_struct.DMA_DestAddr = (uint32)(&(Pix_Data_Odd.u8Pixel[IMAGE_SIZE_GATHER-1]));      //目的地址：存放图像的数组
   1060              dma_init_struct.DMA_DestAddrOffset = -1;       //目的地址偏移：每次读入增加1或减小1
   1061              dma_init_struct.DMA_AutoDisableReq = TRUE;    //自动禁用请求
   1062              //dma_init_struct.DMA_MajorCompleteIntEnable = TRUE;
   1063              //dma_init_struct.DMA_Isr = Camera_DMA_isr;
   1064              //初始化DMA
   1065              LPLD_DMA_Init(dma_init_struct);
   1066          }
   1067          
   1068          void Camera_Para_Init()
   1069          {
   1070              uint32 i;
   1071              
   1072              for (i=0; i<IMAGE_Y_MAX; i++)
   1073              { 
   1074                  g_column[i] = (uint8)(IMAGE_Y_GATHER/128.0 * i); //初始化取列的列数
   1075              }
   1076          }
   1077          
   1078          void Camera_V_isr(void)
   1079          {  
   1080              if(LPLD_GPIO_IsPinxExt(V_PORT, V_PIN))
   1081              {
   1082                  ChangeLEDBit(LED_3);
   1083                  Pix_Data_Process_Flag = ((Pix_Data_Flag == V_Odd) ? V_Odd : V_Even); //表示哪个场可用
   1084                  Pix_Data_Flag = ((Pix_Data_Flag == V_Odd) ? V_Even : V_Odd);
   1085                  //检测到场开始信号，加载目的地址
   1086                  if(Pix_Data_Flag == V_Odd) 
   1087                  {
   1088                      LPLD_DMA_LoadDstAddr(CAMERA_DMA_CH, &(Pix_Data_Odd.u8Pixel[IMAGE_SIZE_GATHER-1]));
   1089                  }
   1090                  else 
   1091                  {
   1092                      LPLD_DMA_LoadDstAddr(CAMERA_DMA_CH, &(Pix_Data_Even.u8Pixel[IMAGE_SIZE_GATHER-1]));
   1093                  }
   1094                  
   1095                  row_Cnt = -1;
   1096                  
   1097                  H_Flag_En = 1;
   1098                  g_carInfo.CameraInfo.Is_Image_Ok = 1;//可以显示图像
   1099                  LPLD_GPIO_Output_b(ISR_PROC_SOURCE_GPIO_PORT, ISR_PROC_SOURCE_NUM, OUTPUT_H); //触发信号处理        
   1100                  
   1101                  enable_irq(H_PORT_IRQn);
   1102              }   
   1103          }
   1104          
   1105          void Camera_H_isr(void)
   1106          {
   1107              int32 delay = 0;        
   1108                 
   1109              if(LPLD_GPIO_IsPinxExt(H_PORT, H_PIN))
   1110              {
   1111                  ChangeLEDBit(LED_4);
   1112              }
   1113          
   1114              if(LPLD_GPIO_IsPinxExt(H_PORT, H_PIN) && H_Flag_En == 1)
   1115              {        
   1116                  for(delay = 0; delay < g_carInfo.CameraInfo.u8ImageLineDelay; delay++);//延时
   1117                  row_Cnt++;
   1118                  if(row_Cnt == (g_row[X_Cnt]))
   1119                  {
   1120                      //检测到行开始信号，使能DMA请求
   1121                      if(X_Cnt < IMAGE_X_GATHER)
   1122                      {
   1123                          LPLD_DMA_EnableReq(CAMERA_DMA_CH);  
   1124                          X_Cnt++; 
   1125                      }
   1126                      
   1127                      if(X_Cnt >= IMAGE_X_GATHER)
   1128                      {
   1129                          //行数采集已满  
   1130                          disable_irq(H_PORT_IRQn);
   1131                          //LPLD_DMA_DisableReq(CAMERA_DMA_CH);
   1132                          
   1133                          H_Flag_En = 0;
   1134                          X_Cnt = 0;
   1135                      }
   1136                  }
   1137              }    
   1138          }
   1139          
   1140          void Camera_Process_isr(void)
   1141          {
   1142              //static uint8 s_u8Cnt;
   1143                  
   1144              if(LPLD_GPIO_IsPinxExt(ISR_PROC_PORT, ISR_PROC_PIN))
   1145              {
   1146                  //更新图像
   1147                  if (g_carInfo.CameraInfo.Is_Image_Ok == 1)
   1148                  {                                      
   1149                      Image_Original_Get();
   1150                      
   1151                      Car_Error();
   1152                      
   1153                      g_carInfo.CameraInfo.Is_Image_Ok = 2;
   1154                      
   1155                      
   1156                  }       
   1157                  
   1158                  LPLD_GPIO_Output_b(ISR_PROC_SOURCE_GPIO_PORT, ISR_PROC_SOURCE_NUM, OUTPUT_L); 
   1159              }    
   1160          }
   1161          
   1162          void Image_Original_Get()
   1163          {
   1164              
   1165              if(Pix_Data_Process_Flag == V_Odd)
   1166              {
   1167          
   1168                  g_carInfo.CameraInfo.u8ImageSource = &(Pix_Data_Odd.Line[0].u8WideLineData);
   1169              }
   1170              else
   1171              {
   1172           
   1173                  g_carInfo.CameraInfo.u8ImageSource = &(Pix_Data_Even.Line[0].u8WideLineData);                    
   1174              }    
   1175          }
   1176          
   1177          
   1178          #endif


 

 


Errors: none
Warnings: none
