###############################################################################
#
# IAR ANSI C/C++ Compiler V7.70.1.11437/W32 for ARM       19/Jul/2019  16:52:15
# Copyright 1999-2016 IAR Systems AB.
#
#    Cpu mode     =  thumb
#    Endian       =  little
#    Source file  =  
#        D:\Freescale\信标\Beacon_C1
#        -NXP\project\Beacon_XBY\app\debug\src\flash.c
#    Command line =  
#        "D:\Freescale\信标\Beacon_C1
#        -NXP\project\Beacon_XBY\app\debug\src\flash.c" -D LPLD_K60 -lCN
#        "D:\Freescale\信标\Beacon_C1 -NXP\project\Beacon_XBY\iar\RAM\List" -lB
#        "D:\Freescale\信标\Beacon_C1 -NXP\project\Beacon_XBY\iar\RAM\List" -o
#        "D:\Freescale\信标\Beacon_C1 -NXP\project\Beacon_XBY\iar\RAM\Obj"
#        --no_cse --no_unroll --no_inline --no_code_motion --no_tbaa
#        --no_clustering --no_scheduling --debug --endian=little
#        --cpu=Cortex-M4 -e --fpu=None --dlib_config "D:\Program Files
#        (x86)\IAR Systems\Embedded Workbench
#        7.5\arm\INC\c\DLib_Config_Normal.h" -I "D:\Freescale\信标\Beacon_C1
#        -NXP\project\Beacon_XBY\iar\..\app\" -I "D:\Freescale\信标\Beacon_C1
#        -NXP\project\Beacon_XBY\iar\..\..\..\lib\CPU\" -I
#        "D:\Freescale\信标\Beacon_C1
#        -NXP\project\Beacon_XBY\iar\..\..\..\lib\common\" -I
#        "D:\Freescale\信标\Beacon_C1
#        -NXP\project\Beacon_XBY\iar\..\..\..\lib\LPLD\" -I
#        "D:\Freescale\信标\Beacon_C1
#        -NXP\project\Beacon_XBY\iar\..\..\..\lib\LPLD\HW\" -I
#        "D:\Freescale\信标\Beacon_C1
#        -NXP\project\Beacon_XBY\iar\..\..\..\lib\LPLD\DEV\" -I
#        "D:\Freescale\信标\Beacon_C1
#        -NXP\project\Beacon_XBY\iar\..\..\..\lib\LPLD\FUNC\" -I
#        "D:\Freescale\信标\Beacon_C1
#        -NXP\project\Beacon_XBY\iar\..\..\..\lib\uCOS-II\Ports\" -I
#        "D:\Freescale\信标\Beacon_C1
#        -NXP\project\Beacon_XBY\iar\..\..\..\lib\uCOS-II\Source\" -I
#        "D:\Freescale\信标\Beacon_C1
#        -NXP\project\Beacon_XBY\iar\..\..\..\lib\FatFs\" -I
#        "D:\Freescale\信标\Beacon_C1
#        -NXP\project\Beacon_XBY\iar\..\..\..\lib\FatFs\option\" -I
#        "D:\Freescale\信标\Beacon_C1
#        -NXP\project\Beacon_XBY\iar\..\..\..\lib\USB\common\" -I
#        "D:\Freescale\信标\Beacon_C1
#        -NXP\project\Beacon_XBY\iar\..\..\..\lib\USB\driver\" -I
#        "D:\Freescale\信标\Beacon_C1
#        -NXP\project\Beacon_XBY\iar\..\..\..\lib\USB\descriptor\" -I
#        "D:\Freescale\信标\Beacon_C1
#        -NXP\project\Beacon_XBY\iar\..\..\..\lib\USB\class\" -I
#        "D:\Freescale\信标\Beacon_C1
#        -NXP\project\Beacon_XBY\iar\..\app\control\inc\" -I
#        "D:\Freescale\信标\Beacon_C1
#        -NXP\project\Beacon_XBY\iar\..\app\control\src\" -I
#        "D:\Freescale\信标\Beacon_C1
#        -NXP\project\Beacon_XBY\iar\..\app\debug\inc\" -I
#        "D:\Freescale\信标\Beacon_C1
#        -NXP\project\Beacon_XBY\iar\..\app\debug\src\" -I
#        "D:\Freescale\信标\Beacon_C1
#        -NXP\project\Beacon_XBY\iar\..\app\device\inc\" -I
#        "D:\Freescale\信标\Beacon_C1
#        -NXP\project\Beacon_XBY\iar\..\app\device\src\" -I
#        "D:\Freescale\信标\Beacon_C1
#        -NXP\project\Beacon_XBY\iar\..\app\driver\inc\" -I
#        "D:\Freescale\信标\Beacon_C1
#        -NXP\project\Beacon_XBY\iar\..\app\driver\src\" -I
#        "D:\Freescale\信标\Beacon_C1
#        -NXP\project\Beacon_XBY\iar\..\app\signal\inc\" -I
#        "D:\Freescale\信标\Beacon_C1
#        -NXP\project\Beacon_XBY\iar\..\app\signal\src\" -I
#        "D:\Freescale\信标\Beacon_C1
#        -NXP\project\Beacon_XBY\iar\..\app\system\" -Ol -I "D:\Program Files
#        (x86)\IAR Systems\Embedded Workbench 7.5\arm\CMSIS\Include\"
#    Locale       =  Chinese (Simplified)_China.936
#    List file    =  
#        D:\Freescale\信标\Beacon_C1
#        -NXP\project\Beacon_XBY\iar\RAM\List\flash.lst
#    Object file  =  
#        D:\Freescale\信标\Beacon_C1
#        -NXP\project\Beacon_XBY\iar\RAM\Obj\flash.o
#
###############################################################################

D:\Freescale\信标\Beacon_C1 -NXP\project\Beacon_XBY\app\debug\src\flash.c
      1          #include "flash.h"
      2          

   \                                 In section .bss, align 4
      3          FlashDataType g_flashDataBuffer[FLASH_BUFFER_SIZE];
   \                     g_flashDataBuffer:
   \   00000000                      DS8 200
      4          
      5          //初始化

   \                                 In section .text, align 2, keep-with-next
      6          void FLASH_Init(void)
      7          {
   \                     FLASH_Init: (+1)
   \   00000000   0xB580             PUSH     {R7,LR}
      8          	LPLD_Flash_Init();
   \   00000002   0x.... 0x....      BL       LPLD_Flash_Init
      9          }
   \   00000006   0xBD01             POP      {R0,PC}          ;; return
     10          
     11          //读数据

   \                                 In section .text, align 2, keep-with-next
     12          void FlashReadData(void)
     13          {
     14          	FlashDataType * pTemp = NULL;
   \                     FlashReadData: (+1)
   \   00000000   0x2000             MOVS     R0,#+0
     15          	uint8 len = 0;
   \   00000002   0x2100             MOVS     R1,#+0
     16          
     17          	pTemp = (FlashDataType *)FLASH_TEST_ADDR;
   \   00000004   0xF45F 0x20FF      MOVS     R0,#+522240
     18          
     19          	for (len=0 ; len<FLASH_BUFFER_SIZE ; len++)
   \   00000008   0x2100             MOVS     R1,#+0
   \   0000000A   0xE007             B.N      ??FlashReadData_0
     20          	{
     21          		g_flashDataBuffer[len] = *(pTemp + len);
   \                     ??FlashReadData_1: (+1)
   \   0000000C   0xB2C9             UXTB     R1,R1            ;; ZeroExt  R1,R1,#+24,#+24
   \   0000000E   0xF830 0x2011      LDRH     R2,[R0, R1, LSL #+1]
   \   00000012   0x....             LDR.N    R3,??DataTable1
   \   00000014   0xB2C9             UXTB     R1,R1            ;; ZeroExt  R1,R1,#+24,#+24
   \   00000016   0xF823 0x2011      STRH     R2,[R3, R1, LSL #+1]
     22          	}
   \   0000001A   0x1C49             ADDS     R1,R1,#+1
   \                     ??FlashReadData_0: (+1)
   \   0000001C   0xB2C9             UXTB     R1,R1            ;; ZeroExt  R1,R1,#+24,#+24
   \   0000001E   0x2964             CMP      R1,#+100
   \   00000020   0xDBF4             BLT.N    ??FlashReadData_1
     23          }
   \   00000022   0x4770             BX       LR               ;; return
     24          
     25          //写数据

   \                                 In section .text, align 2, keep-with-next
     26          void FlashWriteData(void)
     27          {
   \                     FlashWriteData: (+1)
   \   00000000   0xB580             PUSH     {R7,LR}
     28          	//先擦除
     29          	LPLD_Flash_SectorErase(FLASH_TEST_ADDR);
   \   00000002   0xF45F 0x20FF      MOVS     R0,#+522240
   \   00000006   0x.... 0x....      BL       LPLD_Flash_SectorErase
     30          
     31          /*	if (result==FLASH_OK)
     32          	{
     33          		printf("success: ease flash success!\r\n");
     34          	}
     35          	else
     36          	{
     37          		printf("error: ease flash error! error num:%X\r\n", result);
     38          		return;
     39          	}
     40          */
     41          	//再写入
     42          	LPLD_Flash_ByteProgram((uint32)FLASH_TEST_ADDR, (uint32*)g_flashDataBuffer, FLASH_BUFFER_SIZE*sizeof(FlashDataType) );
   \   0000000A   0x22C8             MOVS     R2,#+200
   \   0000000C   0x....             LDR.N    R1,??DataTable1
   \   0000000E   0xF45F 0x20FF      MOVS     R0,#+522240
   \   00000012   0x.... 0x....      BL       LPLD_Flash_ByteProgram
     43          
     44          /*	if (result==FLASH_OK)
     45          	{
     46          		printf("success: write flash success!\r\n");
     47          	}
     48          	else
     49          	{
     50          		printf("error: write flash error! error num:%X。\r\n", result);
     51          		return;
     52          	}
     53          */
     54          }
   \   00000016   0xBD01             POP      {R0,PC}          ;; return

   \                                 In section .text, align 4, keep-with-next
   \                     ??DataTable1:
   \   00000000   0x........         DC32     g_flashDataBuffer

   Maximum stack usage in bytes:

   .cstack Function
   ------- --------
       8   FLASH_Init
         8   -> LPLD_Flash_Init
       0   FlashReadData
       8   FlashWriteData
         8   -> LPLD_Flash_ByteProgram
         8   -> LPLD_Flash_SectorErase


   Section sizes:

   Bytes  Function/Label
   -----  --------------
       4  ??DataTable1
       8  FLASH_Init
      36  FlashReadData
      24  FlashWriteData
     200  g_flashDataBuffer

 
 200 bytes in section .bss
  72 bytes in section .text
 
  72 bytes of CODE memory
 200 bytes of DATA memory

Errors: none
Warnings: none
