###############################################################################
#
# IAR ANSI C/C++ Compiler V7.70.1.11437/W32 for ARM       19/Jul/2019  16:52:17
# Copyright 1999-2016 IAR Systems AB.
#
#    Cpu mode     =  thumb
#    Endian       =  little
#    Source file  =  
#        D:\Freescale\信标\Beacon_C1
#        -NXP\project\Beacon_XBY\app\debug\src\led.c
#    Command line =  
#        "D:\Freescale\信标\Beacon_C1
#        -NXP\project\Beacon_XBY\app\debug\src\led.c" -D LPLD_K60 -lCN
#        "D:\Freescale\信标\Beacon_C1 -NXP\project\Beacon_XBY\iar\RAM\List" -lB
#        "D:\Freescale\信标\Beacon_C1 -NXP\project\Beacon_XBY\iar\RAM\List" -o
#        "D:\Freescale\信标\Beacon_C1 -NXP\project\Beacon_XBY\iar\RAM\Obj"
#        --no_cse --no_unroll --no_inline --no_code_motion --no_tbaa
#        --no_clustering --no_scheduling --debug --endian=little
#        --cpu=Cortex-M4 -e --fpu=None --dlib_config "D:\Program Files
#        (x86)\IAR Systems\Embedded Workbench
#        7.5\arm\INC\c\DLib_Config_Normal.h" -I "D:\Freescale\信标\Beacon_C1
#        -NXP\project\Beacon_XBY\iar\..\app\" -I "D:\Freescale\信标\Beacon_C1
#        -NXP\project\Beacon_XBY\iar\..\..\..\lib\CPU\" -I
#        "D:\Freescale\信标\Beacon_C1
#        -NXP\project\Beacon_XBY\iar\..\..\..\lib\common\" -I
#        "D:\Freescale\信标\Beacon_C1
#        -NXP\project\Beacon_XBY\iar\..\..\..\lib\LPLD\" -I
#        "D:\Freescale\信标\Beacon_C1
#        -NXP\project\Beacon_XBY\iar\..\..\..\lib\LPLD\HW\" -I
#        "D:\Freescale\信标\Beacon_C1
#        -NXP\project\Beacon_XBY\iar\..\..\..\lib\LPLD\DEV\" -I
#        "D:\Freescale\信标\Beacon_C1
#        -NXP\project\Beacon_XBY\iar\..\..\..\lib\LPLD\FUNC\" -I
#        "D:\Freescale\信标\Beacon_C1
#        -NXP\project\Beacon_XBY\iar\..\..\..\lib\uCOS-II\Ports\" -I
#        "D:\Freescale\信标\Beacon_C1
#        -NXP\project\Beacon_XBY\iar\..\..\..\lib\uCOS-II\Source\" -I
#        "D:\Freescale\信标\Beacon_C1
#        -NXP\project\Beacon_XBY\iar\..\..\..\lib\FatFs\" -I
#        "D:\Freescale\信标\Beacon_C1
#        -NXP\project\Beacon_XBY\iar\..\..\..\lib\FatFs\option\" -I
#        "D:\Freescale\信标\Beacon_C1
#        -NXP\project\Beacon_XBY\iar\..\..\..\lib\USB\common\" -I
#        "D:\Freescale\信标\Beacon_C1
#        -NXP\project\Beacon_XBY\iar\..\..\..\lib\USB\driver\" -I
#        "D:\Freescale\信标\Beacon_C1
#        -NXP\project\Beacon_XBY\iar\..\..\..\lib\USB\descriptor\" -I
#        "D:\Freescale\信标\Beacon_C1
#        -NXP\project\Beacon_XBY\iar\..\..\..\lib\USB\class\" -I
#        "D:\Freescale\信标\Beacon_C1
#        -NXP\project\Beacon_XBY\iar\..\app\control\inc\" -I
#        "D:\Freescale\信标\Beacon_C1
#        -NXP\project\Beacon_XBY\iar\..\app\control\src\" -I
#        "D:\Freescale\信标\Beacon_C1
#        -NXP\project\Beacon_XBY\iar\..\app\debug\inc\" -I
#        "D:\Freescale\信标\Beacon_C1
#        -NXP\project\Beacon_XBY\iar\..\app\debug\src\" -I
#        "D:\Freescale\信标\Beacon_C1
#        -NXP\project\Beacon_XBY\iar\..\app\device\inc\" -I
#        "D:\Freescale\信标\Beacon_C1
#        -NXP\project\Beacon_XBY\iar\..\app\device\src\" -I
#        "D:\Freescale\信标\Beacon_C1
#        -NXP\project\Beacon_XBY\iar\..\app\driver\inc\" -I
#        "D:\Freescale\信标\Beacon_C1
#        -NXP\project\Beacon_XBY\iar\..\app\driver\src\" -I
#        "D:\Freescale\信标\Beacon_C1
#        -NXP\project\Beacon_XBY\iar\..\app\signal\inc\" -I
#        "D:\Freescale\信标\Beacon_C1
#        -NXP\project\Beacon_XBY\iar\..\app\signal\src\" -I
#        "D:\Freescale\信标\Beacon_C1
#        -NXP\project\Beacon_XBY\iar\..\app\system\" -Ol -I "D:\Program Files
#        (x86)\IAR Systems\Embedded Workbench 7.5\arm\CMSIS\Include\"
#    Locale       =  Chinese (Simplified)_China.936
#    List file    =  
#        D:\Freescale\信标\Beacon_C1
#        -NXP\project\Beacon_XBY\iar\RAM\List\led.lst
#    Object file  =  
#        D:\Freescale\信标\Beacon_C1 -NXP\project\Beacon_XBY\iar\RAM\Obj\led.o
#
###############################################################################

D:\Freescale\信标\Beacon_C1 -NXP\project\Beacon_XBY\app\debug\src\led.c
      1          #include "led.h"
      2          

   \                                 In section .text, align 2, keep-with-next
      3          void LED_Init()
      4          {
   \                     LED_Init: (+1)
   \   00000000   0xB580             PUSH     {R7,LR}
      5              GPIO_Init(LED_PIN_1_PORT, LED_PIN_1_MASK, DIR_OUTPUT, LED_BIT_OFF); 
   \   00000002   0x2301             MOVS     R3,#+1
   \   00000004   0x2201             MOVS     R2,#+1
   \   00000006   0xF44F 0x4180      MOV      R1,#+16384
   \   0000000A   0x....             LDR.N    R0,??DataTable3  ;; 0x400ff0c0
   \   0000000C   0x.... 0x....      BL       GPIO_Init
      6              GPIO_Init(LED_PIN_2_PORT, LED_PIN_2_MASK, DIR_OUTPUT, LED_BIT_OFF); 
   \   00000010   0x2301             MOVS     R3,#+1
   \   00000012   0x2201             MOVS     R2,#+1
   \   00000014   0xF44F 0x4100      MOV      R1,#+32768
   \   00000018   0x....             LDR.N    R0,??DataTable3  ;; 0x400ff0c0
   \   0000001A   0x.... 0x....      BL       GPIO_Init
      7              GPIO_Init(LED_PIN_3_PORT, LED_PIN_3_MASK, DIR_OUTPUT, LED_BIT_OFF); 
   \   0000001E   0x2301             MOVS     R3,#+1
   \   00000020   0x2201             MOVS     R2,#+1
   \   00000022   0xF44F 0x5180      MOV      R1,#+4096
   \   00000026   0x....             LDR.N    R0,??DataTable3  ;; 0x400ff0c0
   \   00000028   0x.... 0x....      BL       GPIO_Init
      8              GPIO_Init(LED_PIN_4_PORT, LED_PIN_4_MASK, DIR_OUTPUT, LED_BIT_OFF);    
   \   0000002C   0x2301             MOVS     R3,#+1
   \   0000002E   0x2201             MOVS     R2,#+1
   \   00000030   0xF44F 0x5100      MOV      R1,#+8192
   \   00000034   0x....             LDR.N    R0,??DataTable3  ;; 0x400ff0c0
   \   00000036   0x.... 0x....      BL       GPIO_Init
      9          }
   \   0000003A   0xBD01             POP      {R0,PC}          ;; return
     10          
     11          //亮为  LED_BIT_ON

   \                                 In section .text, align 2, keep-with-next
     12          void SetLEDBit(uint8 u8LEDBitValue, uint8 u8LEDBit)
     13          {
   \                     SetLEDBit: (+1)
   \   00000000   0xB580             PUSH     {R7,LR}
     14              switch (u8LEDBit)
   \   00000002   0xB2C9             UXTB     R1,R1            ;; ZeroExt  R1,R1,#+24,#+24
   \   00000004   0x2901             CMP      R1,#+1
   \   00000006   0xD006             BEQ.N    ??SetLEDBit_0
   \   00000008   0xD321             BCC.N    ??SetLEDBit_1
   \   0000000A   0x2903             CMP      R1,#+3
   \   0000000C   0xD011             BEQ.N    ??SetLEDBit_2
   \   0000000E   0xD309             BCC.N    ??SetLEDBit_3
   \   00000010   0x2904             CMP      R1,#+4
   \   00000012   0xD015             BEQ.N    ??SetLEDBit_4
   \   00000014   0xE01B             B.N      ??SetLEDBit_1
     15              {
     16                  case LED_1:                  
     17                       LPLD_GPIO_Output_b(LED_PIN_1_PORT, LED_PIN_1, u8LEDBitValue);                
   \                     ??SetLEDBit_0: (+1)
   \   00000016   0x0002             MOVS     R2,R0
   \   00000018   0xB2D2             UXTB     R2,R2            ;; ZeroExt  R2,R2,#+24,#+24
   \   0000001A   0x210E             MOVS     R1,#+14
   \   0000001C   0x....             LDR.N    R0,??DataTable3  ;; 0x400ff0c0
   \   0000001E   0x.... 0x....      BL       LPLD_GPIO_Output_b
     18                       break;
   \   00000022   0xE014             B.N      ??SetLEDBit_5
     19                       
     20                  case LED_2:
     21                       LPLD_GPIO_Output_b(LED_PIN_2_PORT, LED_PIN_2, u8LEDBitValue);
   \                     ??SetLEDBit_3: (+1)
   \   00000024   0x0002             MOVS     R2,R0
   \   00000026   0xB2D2             UXTB     R2,R2            ;; ZeroExt  R2,R2,#+24,#+24
   \   00000028   0x210F             MOVS     R1,#+15
   \   0000002A   0x....             LDR.N    R0,??DataTable3  ;; 0x400ff0c0
   \   0000002C   0x.... 0x....      BL       LPLD_GPIO_Output_b
     22                       break;
   \   00000030   0xE00D             B.N      ??SetLEDBit_5
     23                       
     24                  case LED_3:
     25                       LPLD_GPIO_Output_b(LED_PIN_3_PORT, LED_PIN_3, u8LEDBitValue);
   \                     ??SetLEDBit_2: (+1)
   \   00000032   0x0002             MOVS     R2,R0
   \   00000034   0xB2D2             UXTB     R2,R2            ;; ZeroExt  R2,R2,#+24,#+24
   \   00000036   0x210C             MOVS     R1,#+12
   \   00000038   0x....             LDR.N    R0,??DataTable3  ;; 0x400ff0c0
   \   0000003A   0x.... 0x....      BL       LPLD_GPIO_Output_b
     26                       break;
   \   0000003E   0xE006             B.N      ??SetLEDBit_5
     27                       
     28                  case LED_4:
     29                       LPLD_GPIO_Output_b(LED_PIN_4_PORT, LED_PIN_4, u8LEDBitValue);
   \                     ??SetLEDBit_4: (+1)
   \   00000040   0x0002             MOVS     R2,R0
   \   00000042   0xB2D2             UXTB     R2,R2            ;; ZeroExt  R2,R2,#+24,#+24
   \   00000044   0x210D             MOVS     R1,#+13
   \   00000046   0x....             LDR.N    R0,??DataTable3  ;; 0x400ff0c0
   \   00000048   0x.... 0x....      BL       LPLD_GPIO_Output_b
     30                       break;                     
   \   0000004C   0xE7FF             B.N      ??SetLEDBit_5
     31                  
     32                  default:
     33                       break;
     34              }
     35          }
   \                     ??SetLEDBit_1: (+1)
   \                     ??SetLEDBit_5: (+1)
   \   0000004E   0xBD01             POP      {R0,PC}          ;; return
     36          

   \                                 In section .text, align 2, keep-with-next
     37          void ChangeLEDBit(uint8 u8LEDBit)
     38          {
   \                     ChangeLEDBit: (+1)
   \   00000000   0xB580             PUSH     {R7,LR}
     39              switch (u8LEDBit)
   \   00000002   0xB2C0             UXTB     R0,R0            ;; ZeroExt  R0,R0,#+24,#+24
   \   00000004   0x2801             CMP      R0,#+1
   \   00000006   0xD006             BEQ.N    ??ChangeLEDBit_0
   \   00000008   0xD319             BCC.N    ??ChangeLEDBit_1
   \   0000000A   0x2803             CMP      R0,#+3
   \   0000000C   0xD00D             BEQ.N    ??ChangeLEDBit_2
   \   0000000E   0xD307             BCC.N    ??ChangeLEDBit_3
   \   00000010   0x2804             CMP      R0,#+4
   \   00000012   0xD00F             BEQ.N    ??ChangeLEDBit_4
   \   00000014   0xE013             B.N      ??ChangeLEDBit_1
     40              {
     41                  case LED_1:     
     42                       LPLD_GPIO_Toggle_b(LED_PIN_1_PORT, LED_PIN_1);              
   \                     ??ChangeLEDBit_0: (+1)
   \   00000016   0x210E             MOVS     R1,#+14
   \   00000018   0x....             LDR.N    R0,??DataTable3  ;; 0x400ff0c0
   \   0000001A   0x.... 0x....      BL       LPLD_GPIO_Toggle_b
     43                       break;
   \   0000001E   0xE00E             B.N      ??ChangeLEDBit_5
     44                       
     45                  case LED_2:
     46                       LPLD_GPIO_Toggle_b(LED_PIN_2_PORT, LED_PIN_2); 
   \                     ??ChangeLEDBit_3: (+1)
   \   00000020   0x210F             MOVS     R1,#+15
   \   00000022   0x....             LDR.N    R0,??DataTable3  ;; 0x400ff0c0
   \   00000024   0x.... 0x....      BL       LPLD_GPIO_Toggle_b
     47                       break;
   \   00000028   0xE009             B.N      ??ChangeLEDBit_5
     48                       
     49                  case LED_3:
     50                       LPLD_GPIO_Toggle_b(LED_PIN_3_PORT, LED_PIN_3); 
   \                     ??ChangeLEDBit_2: (+1)
   \   0000002A   0x210C             MOVS     R1,#+12
   \   0000002C   0x....             LDR.N    R0,??DataTable3  ;; 0x400ff0c0
   \   0000002E   0x.... 0x....      BL       LPLD_GPIO_Toggle_b
     51                       break;
   \   00000032   0xE004             B.N      ??ChangeLEDBit_5
     52                       
     53                  case LED_4:
     54                       LPLD_GPIO_Toggle_b(LED_PIN_4_PORT, LED_PIN_4); 
   \                     ??ChangeLEDBit_4: (+1)
   \   00000034   0x210D             MOVS     R1,#+13
   \   00000036   0x....             LDR.N    R0,??DataTable3  ;; 0x400ff0c0
   \   00000038   0x.... 0x....      BL       LPLD_GPIO_Toggle_b
     55                       break;                                  
   \   0000003C   0xE7FF             B.N      ??ChangeLEDBit_5
     56                       
     57                  default:
     58                       break;
     59              }    
     60          }
   \                     ??ChangeLEDBit_1: (+1)
   \                     ??ChangeLEDBit_5: (+1)
   \   0000003E   0xBD01             POP      {R0,PC}          ;; return
     61          
     62          //亮为1

   \                                 In section .text, align 2, keep-with-next
     63          void SetLED(uint8 u8LEDValue)
     64          {
   \                     SetLED: (+1)
   \   00000000   0xB580             PUSH     {R7,LR}
     65              static uint8 u8LEDBitTemp[4];
     66              
     67          #ifdef LED_LOW_ACTIVE
     68              u8LEDValue = (uint8)(~u8LEDValue);
   \   00000002   0xB2C0             UXTB     R0,R0            ;; ZeroExt  R0,R0,#+24,#+24
   \   00000004   0x43C0             MVNS     R0,R0
     69              u8LEDValue &= 0x1f;
   \   00000006   0xF010 0x001F      ANDS     R0,R0,#0x1F
     70          #endif 
     71                 
     72              u8LEDBitTemp[0] = (uint8)((u8LEDValue & 0x01)>>0);
   \   0000000A   0xF010 0x0101      ANDS     R1,R0,#0x1
   \   0000000E   0x....             LDR.N    R2,??DataTable3_1
   \   00000010   0x7011             STRB     R1,[R2, #+0]
     73              u8LEDBitTemp[1] = (uint8)((u8LEDValue & 0x02)>>1);
   \   00000012   0xF3C0 0x0140      UBFX     R1,R0,#+1,#+1
   \   00000016   0x....             LDR.N    R2,??DataTable3_1
   \   00000018   0x7051             STRB     R1,[R2, #+1]
     74              u8LEDBitTemp[2] = (uint8)((u8LEDValue & 0x04)>>2);
   \   0000001A   0xF3C0 0x0180      UBFX     R1,R0,#+2,#+1
   \   0000001E   0x....             LDR.N    R2,??DataTable3_1
   \   00000020   0x7091             STRB     R1,[R2, #+2]
     75              u8LEDBitTemp[3] = (uint8)((u8LEDValue & 0x08)>>3);
   \   00000022   0xF3C0 0x00C0      UBFX     R0,R0,#+3,#+1
   \   00000026   0x....             LDR.N    R1,??DataTable3_1
   \   00000028   0x70C8             STRB     R0,[R1, #+3]
     76          
     77              LPLD_GPIO_Output_b(LED_PIN_1_PORT, LED_PIN_1, u8LEDBitTemp[0]);
   \   0000002A   0x....             LDR.N    R0,??DataTable3_1
   \   0000002C   0x7802             LDRB     R2,[R0, #+0]
   \   0000002E   0x210E             MOVS     R1,#+14
   \   00000030   0x....             LDR.N    R0,??DataTable3  ;; 0x400ff0c0
   \   00000032   0x.... 0x....      BL       LPLD_GPIO_Output_b
     78              LPLD_GPIO_Output_b(LED_PIN_2_PORT, LED_PIN_2, u8LEDBitTemp[1]);
   \   00000036   0x....             LDR.N    R0,??DataTable3_1
   \   00000038   0x7842             LDRB     R2,[R0, #+1]
   \   0000003A   0x210F             MOVS     R1,#+15
   \   0000003C   0x....             LDR.N    R0,??DataTable3  ;; 0x400ff0c0
   \   0000003E   0x.... 0x....      BL       LPLD_GPIO_Output_b
     79              LPLD_GPIO_Output_b(LED_PIN_3_PORT, LED_PIN_3, u8LEDBitTemp[2]);
   \   00000042   0x....             LDR.N    R0,??DataTable3_1
   \   00000044   0x7882             LDRB     R2,[R0, #+2]
   \   00000046   0x210C             MOVS     R1,#+12
   \   00000048   0x....             LDR.N    R0,??DataTable3  ;; 0x400ff0c0
   \   0000004A   0x.... 0x....      BL       LPLD_GPIO_Output_b
     80              LPLD_GPIO_Output_b(LED_PIN_4_PORT, LED_PIN_4, u8LEDBitTemp[3]);
   \   0000004E   0x....             LDR.N    R0,??DataTable3_1
   \   00000050   0x78C2             LDRB     R2,[R0, #+3]
   \   00000052   0x210D             MOVS     R1,#+13
   \   00000054   0x....             LDR.N    R0,??DataTable3  ;; 0x400ff0c0
   \   00000056   0x.... 0x....      BL       LPLD_GPIO_Output_b
     81          }
   \   0000005A   0xBD01             POP      {R0,PC}          ;; return

   \                                 In section .bss, align 4
   \                     `SetLED::u8LEDBitTemp`:
   \   00000000                      DS8 4

   \                                 In section .text, align 4, keep-with-next
   \                     ??DataTable3:
   \   00000000   0x400FF0C0         DC32     0x400ff0c0

   \                                 In section .text, align 4, keep-with-next
   \                     ??DataTable3_1:
   \   00000000   0x........         DC32     `SetLED::u8LEDBitTemp`
     82          

   Maximum stack usage in bytes:

   .cstack Function
   ------- --------
       8   ChangeLEDBit
         8   -> LPLD_GPIO_Toggle_b
       8   LED_Init
         8   -> GPIO_Init
       8   SetLED
         8   -> LPLD_GPIO_Output_b
       8   SetLEDBit
         8   -> LPLD_GPIO_Output_b


   Section sizes:

   Bytes  Function/Label
   -----  --------------
       4  ??DataTable3
       4  ??DataTable3_1
      64  ChangeLEDBit
      60  LED_Init
      92  SetLED
      80  SetLEDBit
       4  u8LEDBitTemp

 
   4 bytes in section .bss
 304 bytes in section .text
 
 304 bytes of CODE memory
   4 bytes of DATA memory

Errors: none
Warnings: none
