###############################################################################
#
# IAR ANSI C/C++ Compiler V7.70.1.11437/W32 for ARM       19/Jul/2019  16:52:17
# Copyright 1999-2016 IAR Systems AB.
#
#    Cpu mode     =  thumb
#    Endian       =  little
#    Source file  =  
#        D:\Freescale\信标\Beacon_C1
#        -NXP\project\Beacon_XBY\app\driver\src\Nvic.c
#    Command line =  
#        "D:\Freescale\信标\Beacon_C1
#        -NXP\project\Beacon_XBY\app\driver\src\Nvic.c" -D LPLD_K60 -lCN
#        "D:\Freescale\信标\Beacon_C1 -NXP\project\Beacon_XBY\iar\RAM\List" -lB
#        "D:\Freescale\信标\Beacon_C1 -NXP\project\Beacon_XBY\iar\RAM\List" -o
#        "D:\Freescale\信标\Beacon_C1 -NXP\project\Beacon_XBY\iar\RAM\Obj"
#        --no_cse --no_unroll --no_inline --no_code_motion --no_tbaa
#        --no_clustering --no_scheduling --debug --endian=little
#        --cpu=Cortex-M4 -e --fpu=None --dlib_config "D:\Program Files
#        (x86)\IAR Systems\Embedded Workbench
#        7.5\arm\INC\c\DLib_Config_Normal.h" -I "D:\Freescale\信标\Beacon_C1
#        -NXP\project\Beacon_XBY\iar\..\app\" -I "D:\Freescale\信标\Beacon_C1
#        -NXP\project\Beacon_XBY\iar\..\..\..\lib\CPU\" -I
#        "D:\Freescale\信标\Beacon_C1
#        -NXP\project\Beacon_XBY\iar\..\..\..\lib\common\" -I
#        "D:\Freescale\信标\Beacon_C1
#        -NXP\project\Beacon_XBY\iar\..\..\..\lib\LPLD\" -I
#        "D:\Freescale\信标\Beacon_C1
#        -NXP\project\Beacon_XBY\iar\..\..\..\lib\LPLD\HW\" -I
#        "D:\Freescale\信标\Beacon_C1
#        -NXP\project\Beacon_XBY\iar\..\..\..\lib\LPLD\DEV\" -I
#        "D:\Freescale\信标\Beacon_C1
#        -NXP\project\Beacon_XBY\iar\..\..\..\lib\LPLD\FUNC\" -I
#        "D:\Freescale\信标\Beacon_C1
#        -NXP\project\Beacon_XBY\iar\..\..\..\lib\uCOS-II\Ports\" -I
#        "D:\Freescale\信标\Beacon_C1
#        -NXP\project\Beacon_XBY\iar\..\..\..\lib\uCOS-II\Source\" -I
#        "D:\Freescale\信标\Beacon_C1
#        -NXP\project\Beacon_XBY\iar\..\..\..\lib\FatFs\" -I
#        "D:\Freescale\信标\Beacon_C1
#        -NXP\project\Beacon_XBY\iar\..\..\..\lib\FatFs\option\" -I
#        "D:\Freescale\信标\Beacon_C1
#        -NXP\project\Beacon_XBY\iar\..\..\..\lib\USB\common\" -I
#        "D:\Freescale\信标\Beacon_C1
#        -NXP\project\Beacon_XBY\iar\..\..\..\lib\USB\driver\" -I
#        "D:\Freescale\信标\Beacon_C1
#        -NXP\project\Beacon_XBY\iar\..\..\..\lib\USB\descriptor\" -I
#        "D:\Freescale\信标\Beacon_C1
#        -NXP\project\Beacon_XBY\iar\..\..\..\lib\USB\class\" -I
#        "D:\Freescale\信标\Beacon_C1
#        -NXP\project\Beacon_XBY\iar\..\app\control\inc\" -I
#        "D:\Freescale\信标\Beacon_C1
#        -NXP\project\Beacon_XBY\iar\..\app\control\src\" -I
#        "D:\Freescale\信标\Beacon_C1
#        -NXP\project\Beacon_XBY\iar\..\app\debug\inc\" -I
#        "D:\Freescale\信标\Beacon_C1
#        -NXP\project\Beacon_XBY\iar\..\app\debug\src\" -I
#        "D:\Freescale\信标\Beacon_C1
#        -NXP\project\Beacon_XBY\iar\..\app\device\inc\" -I
#        "D:\Freescale\信标\Beacon_C1
#        -NXP\project\Beacon_XBY\iar\..\app\device\src\" -I
#        "D:\Freescale\信标\Beacon_C1
#        -NXP\project\Beacon_XBY\iar\..\app\driver\inc\" -I
#        "D:\Freescale\信标\Beacon_C1
#        -NXP\project\Beacon_XBY\iar\..\app\driver\src\" -I
#        "D:\Freescale\信标\Beacon_C1
#        -NXP\project\Beacon_XBY\iar\..\app\signal\inc\" -I
#        "D:\Freescale\信标\Beacon_C1
#        -NXP\project\Beacon_XBY\iar\..\app\signal\src\" -I
#        "D:\Freescale\信标\Beacon_C1
#        -NXP\project\Beacon_XBY\iar\..\app\system\" -Ol -I "D:\Program Files
#        (x86)\IAR Systems\Embedded Workbench 7.5\arm\CMSIS\Include\"
#    Locale       =  Chinese (Simplified)_China.936
#    List file    =  
#        D:\Freescale\信标\Beacon_C1
#        -NXP\project\Beacon_XBY\iar\RAM\List\Nvic.lst
#    Object file  =  
#        D:\Freescale\信标\Beacon_C1 -NXP\project\Beacon_XBY\iar\RAM\Obj\Nvic.o
#
###############################################################################

D:\Freescale\信标\Beacon_C1 -NXP\project\Beacon_XBY\app\driver\src\Nvic.c
      1          #include "Nvic.h"
      2          #include "include.h"
      3          
      4          //因为初始化时所有中断均初始化为不使能中断，故应该在初始化最前初始化硬件，NVIC初始化，再使能其他中断，再使能全局中断
      5          

   \                                 In section .bss, align 4
      6          static NVIC_InitTypeDef nvic_init_struct;
   \                     nvic_init_struct:
   \   00000000                      DS8 20
      7          

   \                                 In section .text, align 4, keep-with-next
      8          void NVIC_Init (void)
      9          {
   \                     NVIC_Init: (+1)
   \   00000000   0xB580             PUSH     {R7,LR}
     10          //  if(PREEMPTION ==1)
     11            //配置PIT0的NVIC分组
     12            nvic_init_struct.NVIC_IRQChannel = PIT0_IRQn;
   \   00000002   0x2044             MOVS     R0,#+68
   \   00000004   0x4935             LDR.N    R1,??NVIC_Init_0
   \   00000006   0x7008             STRB     R0,[R1, #+0]
     13            nvic_init_struct.NVIC_IRQChannelGroupPriority = NVIC_PriorityGroup_3;
   \   00000008   0x2004             MOVS     R0,#+4
   \   0000000A   0x4934             LDR.N    R1,??NVIC_Init_0
   \   0000000C   0x6048             STR      R0,[R1, #+4]
     14            nvic_init_struct.NVIC_IRQChannelPreemptionPriority = 2;       //系统时钟，次高优先级
   \   0000000E   0x2002             MOVS     R0,#+2
   \   00000010   0x4932             LDR.N    R1,??NVIC_Init_0
   \   00000012   0x6088             STR      R0,[R1, #+8]
     15            nvic_init_struct.NVIC_IRQChannelSubPriority = 0x00;
   \   00000014   0x2000             MOVS     R0,#+0
   \   00000016   0x4931             LDR.N    R1,??NVIC_Init_0
   \   00000018   0x60C8             STR      R0,[R1, #+12]
     16            LPLD_NVIC_Init(nvic_init_struct);
   \   0000001A   0x4930             LDR.N    R1,??NVIC_Init_0
   \   0000001C   0xB084             SUB      SP,SP,#+16
   \   0000001E   0x4668             MOV      R0,SP
   \   00000020   0x2214             MOVS     R2,#+20
   \   00000022   0x.... 0x....      BL       __aeabi_memcpy4
   \   00000026   0xBC0F             POP      {R0-R3}
   \   00000028   0x.... 0x....      BL       LPLD_NVIC_Init
     17            //配置PIT1的NVIC分组
     18            nvic_init_struct.NVIC_IRQChannel = PIT1_IRQn;
   \   0000002C   0x2045             MOVS     R0,#+69
   \   0000002E   0x492B             LDR.N    R1,??NVIC_Init_0
   \   00000030   0x7008             STRB     R0,[R1, #+0]
     19            nvic_init_struct.NVIC_IRQChannelGroupPriority = NVIC_PriorityGroup_3;
   \   00000032   0x2004             MOVS     R0,#+4
   \   00000034   0x4929             LDR.N    R1,??NVIC_Init_0
   \   00000036   0x6048             STR      R0,[R1, #+4]
     20            nvic_init_struct.NVIC_IRQChannelPreemptionPriority = 4;
   \   00000038   0x2004             MOVS     R0,#+4
   \   0000003A   0x4928             LDR.N    R1,??NVIC_Init_0
   \   0000003C   0x6088             STR      R0,[R1, #+8]
     21            nvic_init_struct.NVIC_IRQChannelSubPriority = 0x00;
   \   0000003E   0x2000             MOVS     R0,#+0
   \   00000040   0x4926             LDR.N    R1,??NVIC_Init_0
   \   00000042   0x60C8             STR      R0,[R1, #+12]
     22            LPLD_NVIC_Init(nvic_init_struct);
   \   00000044   0x4925             LDR.N    R1,??NVIC_Init_0
   \   00000046   0xB084             SUB      SP,SP,#+16
   \   00000048   0x4668             MOV      R0,SP
   \   0000004A   0x2214             MOVS     R2,#+20
   \   0000004C   0x.... 0x....      BL       __aeabi_memcpy4
   \   00000050   0xBC0F             POP      {R0-R3}
   \   00000052   0x.... 0x....      BL       LPLD_NVIC_Init
     23            //配置PIT2的NVIC分组
     24          //  nvic_init_struct.NVIC_IRQChannel = PIT2_IRQn;
     25          //  nvic_init_struct.NVIC_IRQChannelGroupPriority = NVIC_PriorityGroup_3;
     26          //  nvic_init_struct.NVIC_IRQChannelPreemptionPriority = 5;
     27          //  nvic_init_struct.NVIC_IRQChannelSubPriority = 0x00;
     28          //  LPLD_NVIC_Init(nvic_init_struct);
     29            //配置PIT3的NVIC分组
     30          //  nvic_init_struct.NVIC_IRQChannel = PIT3_IRQn;
     31          //  nvic_init_struct.NVIC_IRQChannelGroupPriority = NVIC_PriorityGroup_3;
     32          //  nvic_init_struct.NVIC_IRQChannelPreemptionPriority = 7;
     33          //  nvic_init_struct.NVIC_IRQChannelSubPriority = 0x01;
     34          //  LPLD_NVIC_Init(nvic_init_struct);
     35            
     36          //  //配置UART_0的NVIC分组
     37          //  nvic_init_struct.NVIC_IRQChannel = ULTRA_HANDLER_IRQn;
     38          //  nvic_init_struct.NVIC_IRQChannelGroupPriority = NVIC_PriorityGroup_3;
     39          //  nvic_init_struct.NVIC_IRQChannelPreemptionPriority = 3;//0;
     40          //  nvic_init_struct.NVIC_IRQChannelSubPriority = 0x00;
     41          //  //nvic_init_struct.NVIC_IRQChannelEnable = TRUE;
     42          //  LPLD_NVIC_Init(nvic_init_struct);
     43            
     44            //配置TELE的NVIC分组
     45          //  nvic_init_struct.NVIC_IRQChannel = ULTRA_HANDLER_IRQn;
     46          //  nvic_init_struct.NVIC_IRQChannelGroupPriority = NVIC_PriorityGroup_3;
     47          //  nvic_init_struct.NVIC_IRQChannelPreemptionPriority = 4;
     48          //  nvic_init_struct.NVIC_IRQChannelSubPriority = 0x01;
     49          //  //nvic_init_struct.NVIC_IRQChannelEnable = TRUE;
     50          //  LPLD_NVIC_Init(nvic_init_struct);
     51            
     52            //配置H_PORT的NVIC分组
     53            nvic_init_struct.NVIC_IRQChannel = H_PORT_IRQn;
   \   00000056   0x2058             MOVS     R0,#+88
   \   00000058   0x4920             LDR.N    R1,??NVIC_Init_0
   \   0000005A   0x7008             STRB     R0,[R1, #+0]
     54            nvic_init_struct.NVIC_IRQChannelGroupPriority = NVIC_PriorityGroup_3;
   \   0000005C   0x2004             MOVS     R0,#+4
   \   0000005E   0x491F             LDR.N    R1,??NVIC_Init_0
   \   00000060   0x6048             STR      R0,[R1, #+4]
     55            nvic_init_struct.NVIC_IRQChannelPreemptionPriority = 1;
   \   00000062   0x2001             MOVS     R0,#+1
   \   00000064   0x491D             LDR.N    R1,??NVIC_Init_0
   \   00000066   0x6088             STR      R0,[R1, #+8]
     56            nvic_init_struct.NVIC_IRQChannelSubPriority = 0x00;
   \   00000068   0x2000             MOVS     R0,#+0
   \   0000006A   0x491C             LDR.N    R1,??NVIC_Init_0
   \   0000006C   0x60C8             STR      R0,[R1, #+12]
     57            //nvic_init_struct.NVIC_IRQChannelEnable = TRUE;
     58            LPLD_NVIC_Init(nvic_init_struct);
   \   0000006E   0x491B             LDR.N    R1,??NVIC_Init_0
   \   00000070   0xB084             SUB      SP,SP,#+16
   \   00000072   0x4668             MOV      R0,SP
   \   00000074   0x2214             MOVS     R2,#+20
   \   00000076   0x.... 0x....      BL       __aeabi_memcpy4
   \   0000007A   0xBC0F             POP      {R0-R3}
   \   0000007C   0x.... 0x....      BL       LPLD_NVIC_Init
     59            
     60            //配置V_PORT的NVIC分组
     61            nvic_init_struct.NVIC_IRQChannel = V_PORT_IRQn;
   \   00000080   0x2057             MOVS     R0,#+87
   \   00000082   0x4916             LDR.N    R1,??NVIC_Init_0
   \   00000084   0x7008             STRB     R0,[R1, #+0]
     62            nvic_init_struct.NVIC_IRQChannelGroupPriority = NVIC_PriorityGroup_3;
   \   00000086   0x2004             MOVS     R0,#+4
   \   00000088   0x4914             LDR.N    R1,??NVIC_Init_0
   \   0000008A   0x6048             STR      R0,[R1, #+4]
     63            nvic_init_struct.NVIC_IRQChannelPreemptionPriority = 0;       //最高优先级
   \   0000008C   0x2000             MOVS     R0,#+0
   \   0000008E   0x4913             LDR.N    R1,??NVIC_Init_0
   \   00000090   0x6088             STR      R0,[R1, #+8]
     64            nvic_init_struct.NVIC_IRQChannelSubPriority = 0x00;
   \   00000092   0x2000             MOVS     R0,#+0
   \   00000094   0x4911             LDR.N    R1,??NVIC_Init_0
   \   00000096   0x60C8             STR      R0,[R1, #+12]
     65            //nvic_init_struct.NVIC_IRQChannelEnable = TRUE;
     66            LPLD_NVIC_Init(nvic_init_struct);
   \   00000098   0x4910             LDR.N    R1,??NVIC_Init_0
   \   0000009A   0xB084             SUB      SP,SP,#+16
   \   0000009C   0x4668             MOV      R0,SP
   \   0000009E   0x2214             MOVS     R2,#+20
   \   000000A0   0x.... 0x....      BL       __aeabi_memcpy4
   \   000000A4   0xBC0F             POP      {R0-R3}
   \   000000A6   0x.... 0x....      BL       LPLD_NVIC_Init
     67             
     68          //  //配置ISR_PROC_PORT的NVIC分组
     69          //  nvic_init_struct.NVIC_IRQChannel = ISR_PROC_PORT_IRQn;
     70          //  nvic_init_struct.NVIC_IRQChannelGroupPriority = NVIC_PriorityGroup_3;
     71          //  nvic_init_struct.NVIC_IRQChannelPreemptionPriority =6;
     72          //  nvic_init_struct.NVIC_IRQChannelSubPriority = 0x00;
     73          //  //nvic_init_struct.NVIC_IRQChannelEnable = TRUE;
     74          //  LPLD_NVIC_Init(nvic_init_struct);  
     75            
     76          //  //配置ADC0的NVIC分组
     77          //  nvic_init_struct.NVIC_IRQChannel = ADC0_IRQn;
     78          //  nvic_init_struct.NVIC_IRQChannelGroupPriority = NVIC_PriorityGroup_3;
     79          //  nvic_init_struct.NVIC_IRQChannelPreemptionPriority = 6;
     80          //  nvic_init_struct.NVIC_IRQChannelSubPriority = 0x00;
     81          //  nvic_init_struct.NVIC_IRQChannelEnable = TRUE;
     82          //  LPLD_NVIC_Init(nvic_init_struct);  
     83          
     84          //  //配置ADC1的NVIC分组
     85          //  nvic_init_struct.NVIC_IRQChannel = ADC1_IRQn;
     86          //  nvic_init_struct.NVIC_IRQChannelGroupPriority = NVIC_PriorityGroup_3;
     87          //  nvic_init_struct.NVIC_IRQChannelPreemptionPriority = 4;
     88          //  nvic_init_struct.NVIC_IRQChannelSubPriority = 0x00;
     89          //  nvic_init_struct.NVIC_IRQChannelEnable = TRUE;
     90          //  LPLD_NVIC_Init(nvic_init_struct);    
     91            
     92            //配置软件触发的NVIC分组
     93            nvic_init_struct.NVIC_IRQChannel = Reserved110_IRQn;
   \   000000AA   0x205E             MOVS     R0,#+94
   \   000000AC   0x490B             LDR.N    R1,??NVIC_Init_0
   \   000000AE   0x7008             STRB     R0,[R1, #+0]
     94            nvic_init_struct.NVIC_IRQChannelGroupPriority = NVIC_PriorityGroup_3;
   \   000000B0   0x2004             MOVS     R0,#+4
   \   000000B2   0x490A             LDR.N    R1,??NVIC_Init_0
   \   000000B4   0x6048             STR      R0,[R1, #+4]
     95            nvic_init_struct.NVIC_IRQChannelPreemptionPriority = 15;
   \   000000B6   0x200F             MOVS     R0,#+15
   \   000000B8   0x4908             LDR.N    R1,??NVIC_Init_0
   \   000000BA   0x6088             STR      R0,[R1, #+8]
     96            nvic_init_struct.NVIC_IRQChannelSubPriority = 0x00;
   \   000000BC   0x2000             MOVS     R0,#+0
   \   000000BE   0x4907             LDR.N    R1,??NVIC_Init_0
   \   000000C0   0x60C8             STR      R0,[R1, #+12]
     97            nvic_init_struct.NVIC_IRQChannelEnable = TRUE;
   \   000000C2   0x2001             MOVS     R0,#+1
   \   000000C4   0x4905             LDR.N    R1,??NVIC_Init_0
   \   000000C6   0x7408             STRB     R0,[R1, #+16]
     98            LPLD_NVIC_Init(nvic_init_struct);
   \   000000C8   0x4904             LDR.N    R1,??NVIC_Init_0
   \   000000CA   0xB084             SUB      SP,SP,#+16
   \   000000CC   0x4668             MOV      R0,SP
   \   000000CE   0x2214             MOVS     R2,#+20
   \   000000D0   0x.... 0x....      BL       __aeabi_memcpy4
   \   000000D4   0xBC0F             POP      {R0-R3}
   \   000000D6   0x.... 0x....      BL       LPLD_NVIC_Init
     99          }
   \   000000DA   0xBD01             POP      {R0,PC}          ;; return
   \                     ??NVIC_Init_0:
   \   000000DC   0x........         DC32     nvic_init_struct
    100            
    101            

   Maximum stack usage in bytes:

   .cstack Function
   ------- --------
      24   NVIC_Init
         8   -> LPLD_NVIC_Init
        24   -> __aeabi_memcpy4


   Section sizes:

   Bytes  Function/Label
   -----  --------------
     224  NVIC_Init
      20  nvic_init_struct

 
  20 bytes in section .bss
 224 bytes in section .text
 
 224 bytes of CODE memory
  20 bytes of DATA memory

Errors: none
Warnings: none
