###############################################################################
#
# IAR ANSI C/C++ Compiler V7.70.1.11437/W32 for ARM       27/May/2018  01:14:36
# Copyright 1999-2016 IAR Systems AB.
#
#    Cpu mode     =  thumb
#    Endian       =  little
#    Source file  =  
#        D:\Freescale\信标\13thBeacon\project\Beacon_XBY\app\driver\src\rtc_time.c
#    Command line =  
#        D:\Freescale\信标\13thBeacon\project\Beacon_XBY\app\driver\src\rtc_time.c
#        -D LPLD_K60 -lCN
#        D:\Freescale\信标\13thBeacon\project\Beacon_XBY\iar\RAM\List -lB
#        D:\Freescale\信标\13thBeacon\project\Beacon_XBY\iar\RAM\List -o
#        D:\Freescale\信标\13thBeacon\project\Beacon_XBY\iar\RAM\Obj --no_cse
#        --no_unroll --no_inline --no_code_motion --no_tbaa --no_clustering
#        --no_scheduling --debug --endian=little --cpu=Cortex-M4 -e --fpu=None
#        --dlib_config "D:\Program Files (x86)\IAR Systems\Embedded Workbench
#        7.5\arm\INC\c\DLib_Config_Normal.h" -I
#        D:\Freescale\信标\13thBeacon\project\Beacon_XBY\iar\..\app\ -I
#        D:\Freescale\信标\13thBeacon\project\Beacon_XBY\iar\..\..\..\lib\CPU\
#        -I
#        D:\Freescale\信标\13thBeacon\project\Beacon_XBY\iar\..\..\..\lib\common\
#        -I
#        D:\Freescale\信标\13thBeacon\project\Beacon_XBY\iar\..\..\..\lib\LPLD\
#        -I
#        D:\Freescale\信标\13thBeacon\project\Beacon_XBY\iar\..\..\..\lib\LPLD\HW\
#        -I
#        D:\Freescale\信标\13thBeacon\project\Beacon_XBY\iar\..\..\..\lib\LPLD\DEV\
#        -I
#        D:\Freescale\信标\13thBeacon\project\Beacon_XBY\iar\..\..\..\lib\LPLD\FUNC\
#        -I
#        D:\Freescale\信标\13thBeacon\project\Beacon_XBY\iar\..\..\..\lib\uCOS-II\Ports\
#        -I
#        D:\Freescale\信标\13thBeacon\project\Beacon_XBY\iar\..\..\..\lib\uCOS-II\Source\
#        -I
#        D:\Freescale\信标\13thBeacon\project\Beacon_XBY\iar\..\..\..\lib\FatFs\
#        -I
#        D:\Freescale\信标\13thBeacon\project\Beacon_XBY\iar\..\..\..\lib\FatFs\option\
#        -I
#        D:\Freescale\信标\13thBeacon\project\Beacon_XBY\iar\..\..\..\lib\USB\common\
#        -I
#        D:\Freescale\信标\13thBeacon\project\Beacon_XBY\iar\..\..\..\lib\USB\driver\
#        -I
#        D:\Freescale\信标\13thBeacon\project\Beacon_XBY\iar\..\..\..\lib\USB\descriptor\
#        -I
#        D:\Freescale\信标\13thBeacon\project\Beacon_XBY\iar\..\..\..\lib\USB\class\
#        -I
#        D:\Freescale\信标\13thBeacon\project\Beacon_XBY\iar\..\app\control\inc\
#        -I
#        D:\Freescale\信标\13thBeacon\project\Beacon_XBY\iar\..\app\control\src\
#        -I
#        D:\Freescale\信标\13thBeacon\project\Beacon_XBY\iar\..\app\debug\inc\
#        -I
#        D:\Freescale\信标\13thBeacon\project\Beacon_XBY\iar\..\app\debug\src\
#        -I
#        D:\Freescale\信标\13thBeacon\project\Beacon_XBY\iar\..\app\device\inc\
#        -I
#        D:\Freescale\信标\13thBeacon\project\Beacon_XBY\iar\..\app\device\src\
#        -I
#        D:\Freescale\信标\13thBeacon\project\Beacon_XBY\iar\..\app\driver\inc\
#        -I
#        D:\Freescale\信标\13thBeacon\project\Beacon_XBY\iar\..\app\driver\src\
#        -I
#        D:\Freescale\信标\13thBeacon\project\Beacon_XBY\iar\..\app\signal\inc\
#        -I
#        D:\Freescale\信标\13thBeacon\project\Beacon_XBY\iar\..\app\signal\src\
#        -I D:\Freescale\信标\13thBeacon\project\Beacon_XBY\iar\..\app\system\
#        -Ol -I "D:\Program Files (x86)\IAR Systems\Embedded Workbench
#        7.5\arm\CMSIS\Include\"
#    Locale       =  Chinese (Simplified)_China.936
#    List file    =  
#        D:\Freescale\信标\13thBeacon\project\Beacon_XBY\iar\RAM\List\rtc_time.lst
#    Object file  =  
#        D:\Freescale\信标\13thBeacon\project\Beacon_XBY\iar\RAM\Obj\rtc_time.o
#
###############################################################################

D:\Freescale\信标\13thBeacon\project\Beacon_XBY\app\driver\src\rtc_time.c
      1          /*=============================================
      2              @file         rtc_time.c
      3              @brief        RTC万年历
      4              @programmer   XBY
      5          =============================================*/
      6          
      7          #include "rtc.h"
      8          

   \                                 In section .bss, align 4
      9          RTC_InitTypeDef rtc_init_structure;
   \                     rtc_init_structure:
   \   00000000                      DS8 24

   \                                 In section .bss, align 4
     10          TimeStamp_FormatTypeDef time;
   \                     time:
   \   00000000                      DS8 8
     11          
     12          /*===============================================================
     13          	@brief      日历初始化
     14          	@note       使用拉普兰德库函数，相较山外的库，该库可直接调用编译器时间
     15          ==================================================================*/
     16          

   \                                 In section .text, align 2, keep-with-next
     17          void RTC_Init()
     18          {   
   \                     RTC_Init: (+1)
   \   00000000   0xB500             PUSH     {LR}
   \   00000002   0xB083             SUB      SP,SP,#+12
     19              //开启RTC SIM 时钟，通过判断TIF获知
     20              //当前RTC是否发生VBAT POR或者 Software Reset
     21              //如果没有发生，RTC正常计数   
     22              if(LPLD_RTC_IsRunning() == 0) 
   \   00000004   0x.... 0x....      BL       LPLD_RTC_IsRunning
   \   00000008   0x2800             CMP      R0,#+0
   \   0000000A   0xD110             BNE.N    ??RTC_Init_0
     23              {   
     24                  LPLD_AutoInitTimeStamp(&time);
   \   0000000C   0x....             LDR.N    R0,??DataTable1_1
   \   0000000E   0x.... 0x....      BL       LPLD_AutoInitTimeStamp
     25          
     26                  rtc_init_structure.RTC_Seconds = LPLD_DateTimeToTimeStamp(&time);
   \   00000012   0x....             LDR.N    R0,??DataTable1_1
   \   00000014   0x.... 0x....      BL       LPLD_DateTimeToTimeStamp
   \   00000018   0x....             LDR.N    R1,??DataTable1_2
   \   0000001A   0x6008             STR      R0,[R1, #+0]
     27                  LPLD_RTC_Init(rtc_init_structure);
   \   0000001C   0x....             LDR.N    R1,??DataTable1_2
   \   0000001E   0xB084             SUB      SP,SP,#+16
   \   00000020   0x4668             MOV      R0,SP
   \   00000022   0x2218             MOVS     R2,#+24
   \   00000024   0x.... 0x....      BL       __aeabi_memcpy4
   \   00000028   0xBC0F             POP      {R0-R3}
   \   0000002A   0x.... 0x....      BL       LPLD_RTC_Init
     28              }
     29          }
   \                     ??RTC_Init_0: (+1)
   \   0000002E   0xBD07             POP      {R0-R2,PC}       ;; return
     30          
     31          /*===============================================================
     32          	@brief      日期显示
     33          ==================================================================*/
     34          

   \                                 In section .text, align 2, keep-with-next
     35          void Show_Time()
     36          {
   \                     Show_Time: (+1)
   \   00000000   0xB5E0             PUSH     {R5-R7,LR}
     37              uint32 temp;
     38              
     39              temp = LPLD_RTC_GetRealTime();
   \   00000002   0x....             LDR.N    R0,??DataTable1_3  ;; 0x4003d000
   \   00000004   0x6800             LDR      R0,[R0, #+0]
     40              LPLD_TimeStampToDateTime(temp,&time);
   \   00000006   0x....             LDR.N    R1,??DataTable1_1
   \   00000008   0x.... 0x....      BL       LPLD_TimeStampToDateTime
     41              printf("%4d-%02d-%02d %02d:%02d:%02d\r\n", time.year, time.month, time.day, time.hour, time.minute, time.second);
   \   0000000C   0x....             LDR.N    R0,??DataTable1_1
   \   0000000E   0x7880             LDRB     R0,[R0, #+2]
   \   00000010   0x9002             STR      R0,[SP, #+8]
   \   00000012   0x....             LDR.N    R0,??DataTable1_1
   \   00000014   0x7840             LDRB     R0,[R0, #+1]
   \   00000016   0x9001             STR      R0,[SP, #+4]
   \   00000018   0x....             LDR.N    R0,??DataTable1_1
   \   0000001A   0x7800             LDRB     R0,[R0, #+0]
   \   0000001C   0x9000             STR      R0,[SP, #+0]
   \   0000001E   0x....             LDR.N    R0,??DataTable1_1
   \   00000020   0x7903             LDRB     R3,[R0, #+4]
   \   00000022   0x....             LDR.N    R0,??DataTable1_1
   \   00000024   0x7942             LDRB     R2,[R0, #+5]
   \   00000026   0x....             LDR.N    R0,??DataTable1_1
   \   00000028   0x88C1             LDRH     R1,[R0, #+6]
   \   0000002A   0x....             LDR.N    R0,??DataTable1_4
   \   0000002C   0x.... 0x....      BL       printf
     42              LPLD_LPTMR_DelayMs(1000);
   \   00000030   0xF44F 0x707A      MOV      R0,#+1000
   \   00000034   0x.... 0x....      BL       LPLD_LPTMR_DelayMs
     43              
     44              oled_print_16x8short(5,5,(int16)(time.year));
   \   00000038   0x....             LDR.N    R0,??DataTable1_1
   \   0000003A   0xF9B0 0x0006      LDRSH    R0,[R0, #+6]
   \   0000003E   0x0002             MOVS     R2,R0
   \   00000040   0xB212             SXTH     R2,R2            ;; SignExt  R2,R2,#+16,#+16
   \   00000042   0x2105             MOVS     R1,#+5
   \   00000044   0x2005             MOVS     R0,#+5
   \   00000046   0x.... 0x....      BL       oled_print_16x8short
     45              oled_display_16x8str(55,5,"-");
   \   0000004A   0x....             ADR.N    R2,??DataTable1  ;; "-"
   \   0000004C   0x2105             MOVS     R1,#+5
   \   0000004E   0x2037             MOVS     R0,#+55
   \   00000050   0x.... 0x....      BL       oled_display_16x8str
     46              oled_print_16x8short(65,5,(int16)(time.month));
   \   00000054   0x....             LDR.N    R0,??DataTable1_1
   \   00000056   0x7940             LDRB     R0,[R0, #+5]
   \   00000058   0x0002             MOVS     R2,R0
   \   0000005A   0xB212             SXTH     R2,R2            ;; SignExt  R2,R2,#+16,#+16
   \   0000005C   0x2105             MOVS     R1,#+5
   \   0000005E   0x2041             MOVS     R0,#+65
   \   00000060   0x.... 0x....      BL       oled_print_16x8short
     47              oled_display_16x8str(85,5,"-");
   \   00000064   0x....             ADR.N    R2,??DataTable1  ;; "-"
   \   00000066   0x2105             MOVS     R1,#+5
   \   00000068   0x2055             MOVS     R0,#+85
   \   0000006A   0x.... 0x....      BL       oled_display_16x8str
     48              oled_print_16x8short(95,5,(int16)(time.day));
   \   0000006E   0x....             LDR.N    R0,??DataTable1_1
   \   00000070   0x7900             LDRB     R0,[R0, #+4]
   \   00000072   0x0002             MOVS     R2,R0
   \   00000074   0xB212             SXTH     R2,R2            ;; SignExt  R2,R2,#+16,#+16
   \   00000076   0x2105             MOVS     R1,#+5
   \   00000078   0x205F             MOVS     R0,#+95
   \   0000007A   0x.... 0x....      BL       oled_print_16x8short
     49              oled_print_16x8short(35,35,(int16)(time.hour));
   \   0000007E   0x....             LDR.N    R0,??DataTable1_1
   \   00000080   0x7800             LDRB     R0,[R0, #+0]
   \   00000082   0x0002             MOVS     R2,R0
   \   00000084   0xB212             SXTH     R2,R2            ;; SignExt  R2,R2,#+16,#+16
   \   00000086   0x2123             MOVS     R1,#+35
   \   00000088   0x2023             MOVS     R0,#+35
   \   0000008A   0x.... 0x....      BL       oled_print_16x8short
     50              oled_display_16x8str(55,35,"-");
   \   0000008E   0x....             ADR.N    R2,??DataTable1  ;; "-"
   \   00000090   0x2123             MOVS     R1,#+35
   \   00000092   0x2037             MOVS     R0,#+55
   \   00000094   0x.... 0x....      BL       oled_display_16x8str
     51              oled_print_16x8short(65,35,(int16)(time.minute));
   \   00000098   0x....             LDR.N    R0,??DataTable1_1
   \   0000009A   0x7840             LDRB     R0,[R0, #+1]
   \   0000009C   0x0002             MOVS     R2,R0
   \   0000009E   0xB212             SXTH     R2,R2            ;; SignExt  R2,R2,#+16,#+16
   \   000000A0   0x2123             MOVS     R1,#+35
   \   000000A2   0x2041             MOVS     R0,#+65
   \   000000A4   0x.... 0x....      BL       oled_print_16x8short
     52              oled_display_16x8str(85,35,"-");
   \   000000A8   0x....             ADR.N    R2,??DataTable1  ;; "-"
   \   000000AA   0x2123             MOVS     R1,#+35
   \   000000AC   0x2055             MOVS     R0,#+85
   \   000000AE   0x.... 0x....      BL       oled_display_16x8str
     53              oled_print_16x8short(95,35,(int16)(time.second));
   \   000000B2   0x....             LDR.N    R0,??DataTable1_1
   \   000000B4   0x7880             LDRB     R0,[R0, #+2]
   \   000000B6   0x0002             MOVS     R2,R0
   \   000000B8   0xB212             SXTH     R2,R2            ;; SignExt  R2,R2,#+16,#+16
   \   000000BA   0x2123             MOVS     R1,#+35
   \   000000BC   0x205F             MOVS     R0,#+95
   \   000000BE   0x.... 0x....      BL       oled_print_16x8short
     54          }
   \   000000C2   0xBD07             POP      {R0-R2,PC}       ;; return

   \                                 In section .text, align 4, keep-with-next
   \                     ??DataTable1:
   \   00000000   0x2D 0x00          DC8      "-",0x0,0x0
   \              0x00 0x00    

   \                                 In section .text, align 4, keep-with-next
   \                     ??DataTable1_1:
   \   00000000   0x........         DC32     time

   \                                 In section .text, align 4, keep-with-next
   \                     ??DataTable1_2:
   \   00000000   0x........         DC32     rtc_init_structure

   \                                 In section .text, align 4, keep-with-next
   \                     ??DataTable1_3:
   \   00000000   0x4003D000         DC32     0x4003d000

   \                                 In section .text, align 4, keep-with-next
   \                     ??DataTable1_4:
   \   00000000   0x........         DC32     ?_0

   \                                 In section .rodata, align 4
   \                     ?_0:
   \   00000000   0x25 0x34          DC8 "%4d-%02d-%02d %02d:%02d:%02d\015\012"
   \              0x64 0x2D    
   \              0x25 0x30    
   \              0x32 0x64    
   \              0x2D 0x25    
   \              0x30 0x32    
   \              0x64 0x20    
   \              0x25 0x30    
   \              0x32 0x64    
   \              0x3A 0x25    
   \              0x30 0x32    
   \              0x64 0x3A    
   \              0x25 0x30    
   \              0x32 0x64    
   \              0x0D 0x0A    
   \              0x00         
   \   0000001F   0x00               DC8 0

   \                                 In section .rodata, align 2
   \   00000000   0x2D 0x00          DC8 "-"

   Maximum stack usage in bytes:

   .cstack Function
   ------- --------
      32   RTC_Init
        16   -> LPLD_AutoInitTimeStamp
        16   -> LPLD_DateTimeToTimeStamp
        16   -> LPLD_RTC_Init
        16   -> LPLD_RTC_IsRunning
        32   -> __aeabi_memcpy4
      16   Show_Time
        16   -> LPLD_LPTMR_DelayMs
        16   -> LPLD_TimeStampToDateTime
        16   -> oled_display_16x8str
        16   -> oled_print_16x8short
        16   -> printf


   Section sizes:

   Bytes  Function/Label
   -----  --------------
       4  ??DataTable1
       4  ??DataTable1_1
       4  ??DataTable1_2
       4  ??DataTable1_3
       4  ??DataTable1_4
      32  ?_0
       2  ?_1
      48  RTC_Init
     196  Show_Time
      24  rtc_init_structure
       8  time

 
  32 bytes in section .bss
  34 bytes in section .rodata
 264 bytes in section .text
 
 264 bytes of CODE  memory
  34 bytes of CONST memory
  32 bytes of DATA  memory

Errors: none
Warnings: none
