###############################################################################
#
# IAR ANSI C/C++ Compiler V7.70.1.11437/W32 for ARM       27/Jul/2018  20:43:49
# Copyright 1999-2016 IAR Systems AB.
#
#    Cpu mode     =  thumb
#    Endian       =  little
#    Source file  =  
#        D:\Freescale\信标\Beacon_C1
#        -NXP\project\Beacon_XBY\app\device\src\servo.c
#    Command line =  
#        "D:\Freescale\信标\Beacon_C1
#        -NXP\project\Beacon_XBY\app\device\src\servo.c" -D LPLD_K60 -lCN
#        "D:\Freescale\信标\Beacon_C1 -NXP\project\Beacon_XBY\iar\FLASH\List"
#        -lB "D:\Freescale\信标\Beacon_C1
#        -NXP\project\Beacon_XBY\iar\FLASH\List" -o
#        "D:\Freescale\信标\Beacon_C1 -NXP\project\Beacon_XBY\iar\FLASH\Obj"
#        --no_cse --no_unroll --no_inline --no_code_motion --no_tbaa
#        --no_clustering --no_scheduling --debug --endian=little
#        --cpu=Cortex-M4 -e --fpu=None --dlib_config "D:\Program Files
#        (x86)\IAR Systems\Embedded Workbench
#        7.5\arm\INC\c\DLib_Config_Normal.h" -I "D:\Freescale\信标\Beacon_C1
#        -NXP\project\Beacon_XBY\iar\..\app\" -I "D:\Freescale\信标\Beacon_C1
#        -NXP\project\Beacon_XBY\iar\..\..\..\lib\CPU\" -I
#        "D:\Freescale\信标\Beacon_C1
#        -NXP\project\Beacon_XBY\iar\..\..\..\lib\common\" -I
#        "D:\Freescale\信标\Beacon_C1
#        -NXP\project\Beacon_XBY\iar\..\..\..\lib\LPLD\" -I
#        "D:\Freescale\信标\Beacon_C1
#        -NXP\project\Beacon_XBY\iar\..\..\..\lib\LPLD\HW\" -I
#        "D:\Freescale\信标\Beacon_C1
#        -NXP\project\Beacon_XBY\iar\..\..\..\lib\LPLD\DEV\" -I
#        "D:\Freescale\信标\Beacon_C1
#        -NXP\project\Beacon_XBY\iar\..\..\..\lib\uCOS-II\Ports\" -I
#        "D:\Freescale\信标\Beacon_C1
#        -NXP\project\Beacon_XBY\iar\..\..\..\lib\uCOS-II\Source\" -I
#        "D:\Freescale\信标\Beacon_C1
#        -NXP\project\Beacon_XBY\iar\..\..\..\lib\FatFs\" -I
#        "D:\Freescale\信标\Beacon_C1
#        -NXP\project\Beacon_XBY\iar\..\..\..\lib\FatFs\option\" -I
#        "D:\Freescale\信标\Beacon_C1
#        -NXP\project\Beacon_XBY\iar\..\..\..\lib\USB\common\" -I
#        "D:\Freescale\信标\Beacon_C1
#        -NXP\project\Beacon_XBY\iar\..\..\..\lib\USB\driver\" -I
#        "D:\Freescale\信标\Beacon_C1
#        -NXP\project\Beacon_XBY\iar\..\..\..\lib\USB\descriptor\" -I
#        "D:\Freescale\信标\Beacon_C1
#        -NXP\project\Beacon_XBY\iar\..\..\..\lib\USB\class\" -I
#        "D:\Freescale\信标\Beacon_C1
#        -NXP\project\Beacon_XBY\iar\..\..\..\lib\LPLD\FUNC\" -I
#        "D:\Freescale\信标\Beacon_C1 -NXP\project\Beacon_XBY\app\driver\inc\"
#        -I "D:\Freescale\信标\Beacon_C1
#        -NXP\project\Beacon_XBY\app\driver\src\" -I
#        "D:\Freescale\信标\Beacon_C1 -NXP\project\Beacon_XBY\app\control\inc\"
#        -I "D:\Freescale\信标\Beacon_C1
#        -NXP\project\Beacon_XBY\app\control\src\" -I
#        "D:\Freescale\信标\Beacon_C1 -NXP\project\Beacon_XBY\app\debug\inc\"
#        -I "D:\Freescale\信标\Beacon_C1
#        -NXP\project\Beacon_XBY\app\debug\src\" -I
#        "D:\Freescale\信标\Beacon_C1 -NXP\project\Beacon_XBY\app\device\src\"
#        -I "D:\Freescale\信标\Beacon_C1
#        -NXP\project\Beacon_XBY\app\device\inc\" -I
#        "D:\Freescale\信标\Beacon_C1 -NXP\project\Beacon_XBY\app\signal\inc\"
#        -I "D:\Freescale\信标\Beacon_C1
#        -NXP\project\Beacon_XBY\app\signal\src\" -I
#        "D:\Freescale\信标\Beacon_C1 -NXP\project\Beacon_XBY\app\system\" -Ol
#        -I "D:\Program Files (x86)\IAR Systems\Embedded Workbench
#        7.5\arm\CMSIS\Include\" -D ARM_MATH_CM4
#    Locale       =  Chinese (Simplified)_China.936
#    List file    =  
#        D:\Freescale\信标\Beacon_C1
#        -NXP\project\Beacon_XBY\iar\FLASH\List\servo.lst
#    Object file  =  
#        D:\Freescale\信标\Beacon_C1
#        -NXP\project\Beacon_XBY\iar\FLASH\Obj\servo.o
#
###############################################################################

D:\Freescale\信标\Beacon_C1 -NXP\project\Beacon_XBY\app\device\src\servo.c
      1          /*=============================================
      2              @file       servo.c
      3              @brief	舵机输出函数
      4              @programmer XBY
      5          ===============================================*/
      6          
      7          #include "servo.h"
      8          #include "include.h"
      9          
     10          

   \                                 In section .text, align 2, keep-with-next
     11          void Servo_Init(void)
     12          {
   \                     Servo_Init: (+1)
   \   00000000   0xB580             PUSH     {R7,LR}
     13              Servo_PWM_Init();    
   \   00000002   0x.... 0x....      BL       Servo_PWM_Init
     14              Sevro_Output(0);
   \   00000006   0x2000             MOVS     R0,#+0
   \   00000008   0x.... 0x....      BL       Sevro_Output
     15          }
   \   0000000C   0xBD01             POP      {R0,PC}          ;; return
     16          

   \                                 In section .text, align 2, keep-with-next
     17          void Servo_PWM(uint16 PWMDuty)
     18          {
   \                     Servo_PWM: (+1)
   \   00000000   0xB538             PUSH     {R3-R5,LR}
     19              PWMDuty = (uint16)(Limiter(PWMDuty,Servo_min_PWM , Servo_Max_PWM));//舵机输出限幅
   \   00000002   0x....             LDR.N    R2,??DataTable2  ;; 0x4414c000
   \   00000004   0x....             LDR.N    R1,??DataTable2_1  ;; 0x43de8000
   \   00000006   0x000C             MOVS     R4,R1
   \   00000008   0x0015             MOVS     R5,R2
   \   0000000A   0xB280             UXTH     R0,R0            ;; ZeroExt  R0,R0,#+16,#+16
   \   0000000C   0x.... 0x....      BL       __aeabi_ui2f
   \   00000010   0x002A             MOVS     R2,R5
   \   00000012   0x0021             MOVS     R1,R4
   \   00000014   0x.... 0x....      BL       Limiter
   \   00000018   0x.... 0x....      BL       __aeabi_f2iz
     20              Change_PWM_Servo(PWMDuty);
   \   0000001C   0xB280             UXTH     R0,R0            ;; ZeroExt  R0,R0,#+16,#+16
   \   0000001E   0x.... 0x....      BL       Change_PWM_Servo
     21          }
   \   00000022   0xBD31             POP      {R0,R4,R5,PC}    ;; return
     22          

   \                                 In section .text, align 2, keep-with-next
     23          void Sevro_Output(int16 dir)
     24          {
   \                     Sevro_Output: (+1)
   \   00000000   0xB580             PUSH     {R7,LR}
     25              gl_servo_pwm =dir + SERVO_CENTER;
   \   00000002   0xB200             SXTH     R0,R0            ;; SignExt  R0,R0,#+16,#+16
   \   00000004   0xF510 0x7002      ADDS     R0,R0,#+520
   \   00000008   0x....             LDR.N    R1,??DataTable2_2
   \   0000000A   0x6008             STR      R0,[R1, #+0]
     26              Servo_PWM(gl_servo_pwm);
   \   0000000C   0x....             LDR.N    R0,??DataTable2_2
   \   0000000E   0x6800             LDR      R0,[R0, #+0]
   \   00000010   0xB280             UXTH     R0,R0            ;; ZeroExt  R0,R0,#+16,#+16
   \   00000012   0x.... 0x....      BL       Servo_PWM
     27          }
   \   00000016   0xBD01             POP      {R0,PC}          ;; return
     28          

   \                                 In section .text, align 2, keep-with-next
     29          int16 Get_Servo_PWM_Delta(void)
     30          {
     31              int16 temp = 0;
   \                     Get_Servo_PWM_Delta: (+1)
   \   00000000   0x2000             MOVS     R0,#+0
     32              temp = gl_servo_pwm - SERVO_CENTER;
   \   00000002   0x....             LDR.N    R0,??DataTable2_2
   \   00000004   0x6800             LDR      R0,[R0, #+0]
   \   00000006   0xF5B0 0x7002      SUBS     R0,R0,#+520
     33              return temp;
   \   0000000A   0xB200             SXTH     R0,R0            ;; SignExt  R0,R0,#+16,#+16
   \   0000000C   0x4770             BX       LR               ;; return
     34          }

   \                                 In section .text, align 4, keep-with-next
   \                     ??DataTable2:
   \   00000000   0x4414C000         DC32     0x4414c000

   \                                 In section .text, align 4, keep-with-next
   \                     ??DataTable2_1:
   \   00000000   0x43DE8000         DC32     0x43de8000

   \                                 In section .text, align 4, keep-with-next
   \                     ??DataTable2_2:
   \   00000000   0x........         DC32     gl_servo_pwm

   Maximum stack usage in bytes:

   .cstack Function
   ------- --------
       0   Get_Servo_PWM_Delta
       8   Servo_Init
         8   -> Servo_PWM_Init
         8   -> Sevro_Output
      16   Servo_PWM
        16   -> Change_PWM_Servo
        16   -> Limiter
        16   -> __aeabi_f2iz
        16   -> __aeabi_ui2f
       8   Sevro_Output
         8   -> Servo_PWM


   Section sizes:

   Bytes  Function/Label
   -----  --------------
       4  ??DataTable2
       4  ??DataTable2_1
       4  ??DataTable2_2
      14  Get_Servo_PWM_Delta
      14  Servo_Init
      36  Servo_PWM
      24  Sevro_Output

 
 100 bytes in section .text
 
 100 bytes of CODE memory

Errors: none
Warnings: none
